{"C:\\Users\\anvyd\\Desktop\\code\\slider-plugin\\src\\defaultState.ts": {"path":"C:\\Users\\anvyd\\Desktop\\code\\slider-plugin\\src\\defaultState.ts","statementMap":{"0":{"start":{"line":3,"column":32},"end":{"line":15,"column":1}}},"fnMap":{},"branchMap":{},"s":{"0":4},"f":{},"b":{},"_coverageSchema":"1a1c01bbd47fc00a2c39e90264f33305004495a9","hash":"dbea31e440f432e6ffcc3986eadd03995258d48b"}
,"C:\\Users\\anvyd\\Desktop\\code\\slider-plugin\\src\\index.ts": {"path":"C:\\Users\\anvyd\\Desktop\\code\\slider-plugin\\src\\index.ts","statementMap":{"0":{"start":{"line":3,"column":0},"end":{"line":5,"column":2}},"1":{"start":{"line":6,"column":0},"end":{"line":6,"column":50}},"2":{"start":{"line":7,"column":0},"end":{"line":7,"column":51}},"3":{"start":{"line":8,"column":14},"end":{"line":8,"column":52}},"4":{"start":{"line":9,"column":0},"end":{"line":9,"column":18}}},"fnMap":{},"branchMap":{},"s":{"0":0,"1":0,"2":0,"3":0,"4":0},"f":{},"b":{}}
,"C:\\Users\\anvyd\\Desktop\\code\\slider-plugin\\src\\components\\Model\\Model.ts": {"path":"C:\\Users\\anvyd\\Desktop\\code\\slider-plugin\\src\\components\\Model\\Model.ts","statementMap":{"0":{"start":{"line":14,"column":29},"end":{"line":14,"column":41}},"1":{"start":{"line":18,"column":4},"end":{"line":18,"column":11}},"2":{"start":{"line":19,"column":4},"end":{"line":19,"column":38}},"3":{"start":{"line":20,"column":4},"end":{"line":20,"column":24}},"4":{"start":{"line":24,"column":22},"end":{"line":24,"column":39}},"5":{"start":{"line":25,"column":4},"end":{"line":25,"column":71}},"6":{"start":{"line":26,"column":4},"end":{"line":26,"column":52}},"7":{"start":{"line":30,"column":4},"end":{"line":30,"column":21}},"8":{"start":{"line":34,"column":21},"end":{"line":34,"column":56}},"9":{"start":{"line":35,"column":4},"end":{"line":35,"column":75}},"10":{"start":{"line":37,"column":4},"end":{"line":41,"column":5}},"11":{"start":{"line":38,"column":6},"end":{"line":38,"column":54}},"12":{"start":{"line":40,"column":6},"end":{"line":40,"column":54}},"13":{"start":{"line":45,"column":4},"end":{"line":45,"column":29}},"14":{"start":{"line":49,"column":27},"end":{"line":49,"column":63}},"15":{"start":{"line":50,"column":21},"end":{"line":50,"column":65}},"16":{"start":{"line":51,"column":4},"end":{"line":51,"column":75}},"17":{"start":{"line":52,"column":4},"end":{"line":52,"column":52}},"18":{"start":{"line":56,"column":27},"end":{"line":56,"column":63}},"19":{"start":{"line":57,"column":21},"end":{"line":57,"column":65}},"20":{"start":{"line":58,"column":4},"end":{"line":58,"column":75}},"21":{"start":{"line":59,"column":4},"end":{"line":59,"column":52}},"22":{"start":{"line":63,"column":26},"end":{"line":63,"column":79}},"23":{"start":{"line":64,"column":4},"end":{"line":64,"column":40}},"24":{"start":{"line":68,"column":34},"end":{"line":68,"column":44}},"25":{"start":{"line":70,"column":4},"end":{"line":75,"column":5}},"26":{"start":{"line":71,"column":28},"end":{"line":71,"column":81}},"27":{"start":{"line":72,"column":19},"end":{"line":72,"column":34}},"28":{"start":{"line":73,"column":24},"end":{"line":73,"column":44}},"29":{"start":{"line":74,"column":6},"end":{"line":74,"column":46}},"30":{"start":{"line":77,"column":4},"end":{"line":77,"column":17}},"31":{"start":{"line":81,"column":22},"end":{"line":81,"column":39}},"32":{"start":{"line":82,"column":21},"end":{"line":82,"column":37}},"33":{"start":{"line":84,"column":31},"end":{"line":84,"column":56}},"34":{"start":{"line":85,"column":32},"end":{"line":85,"column":58}},"35":{"start":{"line":86,"column":30},"end":{"line":86,"column":69}},"36":{"start":{"line":87,"column":36},"end":{"line":87,"column":82}},"37":{"start":{"line":89,"column":38},"end":{"line":89,"column":99}},"38":{"start":{"line":90,"column":27},"end":{"line":90,"column":64}},"39":{"start":{"line":91,"column":29},"end":{"line":91,"column":91}},"40":{"start":{"line":93,"column":36},"end":{"line":97,"column":29}},"41":{"start":{"line":99,"column":37},"end":{"line":104,"column":30}},"42":{"start":{"line":106,"column":35},"end":{"line":106,"column":74}},"43":{"start":{"line":107,"column":41},"end":{"line":107,"column":92}},"44":{"start":{"line":109,"column":4},"end":{"line":109,"column":93}},"45":{"start":{"line":109,"column":35},"end":{"line":109,"column":93}},"46":{"start":{"line":110,"column":4},"end":{"line":110,"column":78}},"47":{"start":{"line":110,"column":24},"end":{"line":110,"column":78}},"48":{"start":{"line":111,"column":4},"end":{"line":111,"column":74}},"49":{"start":{"line":111,"column":26},"end":{"line":111,"column":74}},"50":{"start":{"line":112,"column":4},"end":{"line":112,"column":57}},"51":{"start":{"line":112,"column":33},"end":{"line":112,"column":57}},"52":{"start":{"line":113,"column":4},"end":{"line":113,"column":58}},"53":{"start":{"line":113,"column":34},"end":{"line":113,"column":58}},"54":{"start":{"line":114,"column":4},"end":{"line":114,"column":56}},"55":{"start":{"line":114,"column":32},"end":{"line":114,"column":56}},"56":{"start":{"line":115,"column":4},"end":{"line":115,"column":62}},"57":{"start":{"line":115,"column":38},"end":{"line":115,"column":62}},"58":{"start":{"line":117,"column":4},"end":{"line":117,"column":19}}},"fnMap":{"0":{"name":"(anonymous_0)","decl":{"start":{"line":17,"column":2},"end":{"line":17,"column":3}},"loc":{"start":{"line":17,"column":32},"end":{"line":21,"column":3}},"line":17},"1":{"name":"(anonymous_1)","decl":{"start":{"line":23,"column":2},"end":{"line":23,"column":3}},"loc":{"start":{"line":23,"column":42},"end":{"line":27,"column":3}},"line":23},"2":{"name":"(anonymous_2)","decl":{"start":{"line":29,"column":2},"end":{"line":29,"column":3}},"loc":{"start":{"line":29,"column":31},"end":{"line":31,"column":3}},"line":29},"3":{"name":"(anonymous_3)","decl":{"start":{"line":33,"column":2},"end":{"line":33,"column":3}},"loc":{"start":{"line":33,"column":60},"end":{"line":42,"column":3}},"line":33},"4":{"name":"(anonymous_4)","decl":{"start":{"line":44,"column":2},"end":{"line":44,"column":3}},"loc":{"start":{"line":44,"column":47},"end":{"line":46,"column":3}},"line":44},"5":{"name":"(anonymous_5)","decl":{"start":{"line":48,"column":2},"end":{"line":48,"column":3}},"loc":{"start":{"line":48,"column":56},"end":{"line":53,"column":3}},"line":48},"6":{"name":"(anonymous_6)","decl":{"start":{"line":55,"column":2},"end":{"line":55,"column":3}},"loc":{"start":{"line":55,"column":56},"end":{"line":60,"column":3}},"line":55},"7":{"name":"(anonymous_7)","decl":{"start":{"line":62,"column":2},"end":{"line":62,"column":3}},"loc":{"start":{"line":62,"column":73},"end":{"line":65,"column":3}},"line":62},"8":{"name":"(anonymous_8)","decl":{"start":{"line":67,"column":2},"end":{"line":67,"column":3}},"loc":{"start":{"line":67,"column":60},"end":{"line":78,"column":3}},"line":67},"9":{"name":"(anonymous_9)","decl":{"start":{"line":80,"column":2},"end":{"line":80,"column":3}},"loc":{"start":{"line":80,"column":111},"end":{"line":118,"column":3}},"line":80}},"branchMap":{"0":{"loc":{"start":{"line":37,"column":4},"end":{"line":41,"column":5}},"type":"if","locations":[{"start":{"line":37,"column":4},"end":{"line":41,"column":5}},{"start":{"line":39,"column":11},"end":{"line":41,"column":5}}],"line":37},"1":{"loc":{"start":{"line":37,"column":8},"end":{"line":37,"column":44}},"type":"binary-expr","locations":[{"start":{"line":37,"column":8},"end":{"line":37,"column":25}},{"start":{"line":37,"column":29},"end":{"line":37,"column":44}}],"line":37},"2":{"loc":{"start":{"line":70,"column":4},"end":{"line":75,"column":5}},"type":"if","locations":[{"start":{"line":70,"column":4},"end":{"line":75,"column":5}},{"start":{},"end":{}}],"line":70},"3":{"loc":{"start":{"line":74,"column":13},"end":{"line":74,"column":46}},"type":"cond-expr","locations":[{"start":{"line":74,"column":33},"end":{"line":74,"column":37}},{"start":{"line":74,"column":40},"end":{"line":74,"column":46}}],"line":74},"4":{"loc":{"start":{"line":86,"column":30},"end":{"line":86,"column":69}},"type":"binary-expr","locations":[{"start":{"line":86,"column":30},"end":{"line":86,"column":48}},{"start":{"line":86,"column":52},"end":{"line":86,"column":69}}],"line":86},"5":{"loc":{"start":{"line":87,"column":36},"end":{"line":87,"column":82}},"type":"binary-expr","locations":[{"start":{"line":87,"column":36},"end":{"line":87,"column":58}},{"start":{"line":87,"column":62},"end":{"line":87,"column":82}}],"line":87},"6":{"loc":{"start":{"line":89,"column":38},"end":{"line":89,"column":99}},"type":"binary-expr","locations":[{"start":{"line":89,"column":38},"end":{"line":89,"column":55}},{"start":{"line":89,"column":59},"end":{"line":89,"column":77}},{"start":{"line":89,"column":81},"end":{"line":89,"column":99}}],"line":89},"7":{"loc":{"start":{"line":90,"column":27},"end":{"line":90,"column":64}},"type":"binary-expr","locations":[{"start":{"line":90,"column":27},"end":{"line":90,"column":42}},{"start":{"line":90,"column":46},"end":{"line":90,"column":64}}],"line":90},"8":{"loc":{"start":{"line":91,"column":29},"end":{"line":91,"column":91}},"type":"binary-expr","locations":[{"start":{"line":91,"column":29},"end":{"line":91,"column":46}},{"start":{"line":91,"column":50},"end":{"line":91,"column":68}},{"start":{"line":91,"column":72},"end":{"line":91,"column":91}}],"line":91},"9":{"loc":{"start":{"line":93,"column":36},"end":{"line":97,"column":29}},"type":"binary-expr","locations":[{"start":{"line":94,"column":6},"end":{"line":94,"column":22}},{"start":{"line":95,"column":6},"end":{"line":95,"column":22}},{"start":{"line":96,"column":6},"end":{"line":96,"column":23}},{"start":{"line":97,"column":11},"end":{"line":97,"column":29}}],"line":93},"10":{"loc":{"start":{"line":99,"column":37},"end":{"line":104,"column":30}},"type":"binary-expr","locations":[{"start":{"line":100,"column":6},"end":{"line":100,"column":33}},{"start":{"line":101,"column":6},"end":{"line":101,"column":28}},{"start":{"line":102,"column":6},"end":{"line":102,"column":30}},{"start":{"line":103,"column":6},"end":{"line":103,"column":26}},{"start":{"line":104,"column":11},"end":{"line":104,"column":30}}],"line":99},"11":{"loc":{"start":{"line":106,"column":35},"end":{"line":106,"column":74}},"type":"binary-expr","locations":[{"start":{"line":106,"column":35},"end":{"line":106,"column":53}},{"start":{"line":106,"column":57},"end":{"line":106,"column":74}}],"line":106},"12":{"loc":{"start":{"line":107,"column":41},"end":{"line":107,"column":92}},"type":"binary-expr","locations":[{"start":{"line":107,"column":41},"end":{"line":107,"column":65}},{"start":{"line":107,"column":69},"end":{"line":107,"column":92}}],"line":107},"13":{"loc":{"start":{"line":109,"column":4},"end":{"line":109,"column":93}},"type":"if","locations":[{"start":{"line":109,"column":4},"end":{"line":109,"column":93}},{"start":{},"end":{}}],"line":109},"14":{"loc":{"start":{"line":110,"column":4},"end":{"line":110,"column":78}},"type":"if","locations":[{"start":{"line":110,"column":4},"end":{"line":110,"column":78}},{"start":{},"end":{}}],"line":110},"15":{"loc":{"start":{"line":111,"column":4},"end":{"line":111,"column":74}},"type":"if","locations":[{"start":{"line":111,"column":4},"end":{"line":111,"column":74}},{"start":{},"end":{}}],"line":111},"16":{"loc":{"start":{"line":112,"column":4},"end":{"line":112,"column":57}},"type":"if","locations":[{"start":{"line":112,"column":4},"end":{"line":112,"column":57}},{"start":{},"end":{}}],"line":112},"17":{"loc":{"start":{"line":113,"column":4},"end":{"line":113,"column":58}},"type":"if","locations":[{"start":{"line":113,"column":4},"end":{"line":113,"column":58}},{"start":{},"end":{}}],"line":113},"18":{"loc":{"start":{"line":114,"column":4},"end":{"line":114,"column":56}},"type":"if","locations":[{"start":{"line":114,"column":4},"end":{"line":114,"column":56}},{"start":{},"end":{}}],"line":114},"19":{"loc":{"start":{"line":115,"column":4},"end":{"line":115,"column":62}},"type":"if","locations":[{"start":{"line":115,"column":4},"end":{"line":115,"column":62}},{"start":{},"end":{}}],"line":115}},"s":{"0":0,"1":0,"2":0,"3":0,"4":0,"5":0,"6":0,"7":0,"8":0,"9":0,"10":0,"11":0,"12":0,"13":0,"14":0,"15":0,"16":0,"17":0,"18":0,"19":0,"20":0,"21":0,"22":0,"23":0,"24":0,"25":0,"26":0,"27":0,"28":0,"29":0,"30":0,"31":0,"32":0,"33":0,"34":0,"35":0,"36":0,"37":0,"38":0,"39":0,"40":0,"41":0,"42":0,"43":0,"44":0,"45":0,"46":0,"47":0,"48":0,"49":0,"50":0,"51":0,"52":0,"53":0,"54":0,"55":0,"56":0,"57":0,"58":0},"f":{"0":0,"1":0,"2":0,"3":0,"4":0,"5":0,"6":0,"7":0,"8":0,"9":0},"b":{"0":[0,0],"1":[0,0],"2":[0,0],"3":[0,0],"4":[0,0],"5":[0,0],"6":[0,0,0],"7":[0,0],"8":[0,0,0],"9":[0,0,0,0],"10":[0,0,0,0,0],"11":[0,0],"12":[0,0],"13":[0,0],"14":[0,0],"15":[0,0],"16":[0,0],"17":[0,0],"18":[0,0],"19":[0,0]}}
,"C:\\Users\\anvyd\\Desktop\\code\\slider-plugin\\src\\components\\Model\\Validation.ts": {"path":"C:\\Users\\anvyd\\Desktop\\code\\slider-plugin\\src\\components\\Model\\Validation.ts","statementMap":{"0":{"start":{"line":23,"column":8},"end":{"line":23,"column":13}},"1":{"start":{"line":25,"column":4},"end":{"line":25,"column":18}},"2":{"start":{"line":26,"column":4},"end":{"line":26,"column":18}},"3":{"start":{"line":27,"column":4},"end":{"line":27,"column":20}},"4":{"start":{"line":28,"column":4},"end":{"line":28,"column":20}},"5":{"start":{"line":29,"column":4},"end":{"line":29,"column":16}},"6":{"start":{"line":31,"column":4},"end":{"line":31,"column":40}},"7":{"start":{"line":32,"column":4},"end":{"line":32,"column":61}},"8":{"start":{"line":34,"column":4},"end":{"line":40,"column":5}},"9":{"start":{"line":35,"column":6},"end":{"line":35,"column":47}},"10":{"start":{"line":36,"column":6},"end":{"line":36,"column":53}},"11":{"start":{"line":37,"column":6},"end":{"line":37,"column":47}},"12":{"start":{"line":39,"column":6},"end":{"line":39,"column":43}},"13":{"start":{"line":42,"column":34},"end":{"line":49,"column":5}},"14":{"start":{"line":50,"column":4},"end":{"line":50,"column":21}},"15":{"start":{"line":54,"column":23},"end":{"line":54,"column":32}},"16":{"start":{"line":55,"column":22},"end":{"line":55,"column":38}},"17":{"start":{"line":57,"column":4},"end":{"line":57,"column":48}},"18":{"start":{"line":57,"column":24},"end":{"line":57,"column":48}},"19":{"start":{"line":58,"column":4},"end":{"line":58,"column":49}},"20":{"start":{"line":58,"column":32},"end":{"line":58,"column":49}},"21":{"start":{"line":60,"column":4},"end":{"line":60,"column":20}},"22":{"start":{"line":64,"column":19},"end":{"line":64,"column":34}},"23":{"start":{"line":65,"column":19},"end":{"line":65,"column":34}},"24":{"start":{"line":67,"column":4},"end":{"line":71,"column":5}},"25":{"start":{"line":68,"column":19},"end":{"line":68,"column":27}},"26":{"start":{"line":69,"column":6},"end":{"line":69,"column":25}},"27":{"start":{"line":70,"column":6},"end":{"line":70,"column":21}},"28":{"start":{"line":73,"column":4},"end":{"line":73,"column":23}},"29":{"start":{"line":74,"column":4},"end":{"line":74,"column":23}},"30":{"start":{"line":78,"column":30},"end":{"line":82,"column":13}},"31":{"start":{"line":84,"column":23},"end":{"line":88,"column":25}},"32":{"start":{"line":90,"column":4},"end":{"line":90,"column":21}},"33":{"start":{"line":94,"column":4},"end":{"line":94,"column":41}},"34":{"start":{"line":94,"column":26},"end":{"line":94,"column":41}},"35":{"start":{"line":95,"column":4},"end":{"line":95,"column":16}},"36":{"start":{"line":99,"column":4},"end":{"line":99,"column":45}},"37":{"start":{"line":99,"column":28},"end":{"line":99,"column":45}},"38":{"start":{"line":100,"column":4},"end":{"line":100,"column":16}},"39":{"start":{"line":104,"column":22},"end":{"line":104,"column":38}},"40":{"start":{"line":105,"column":20},"end":{"line":105,"column":34}},"41":{"start":{"line":107,"column":20},"end":{"line":107,"column":54}},"42":{"start":{"line":108,"column":18},"end":{"line":108,"column":50}},"43":{"start":{"line":110,"column":4},"end":{"line":114,"column":5}},"44":{"start":{"line":111,"column":19},"end":{"line":111,"column":28}},"45":{"start":{"line":112,"column":6},"end":{"line":112,"column":25}},"46":{"start":{"line":113,"column":6},"end":{"line":113,"column":20}},"47":{"start":{"line":116,"column":4},"end":{"line":116,"column":51}},"48":{"start":{"line":116,"column":31},"end":{"line":116,"column":51}},"49":{"start":{"line":117,"column":4},"end":{"line":117,"column":47}},"50":{"start":{"line":117,"column":29},"end":{"line":117,"column":47}},"51":{"start":{"line":119,"column":4},"end":{"line":119,"column":25}},"52":{"start":{"line":120,"column":4},"end":{"line":120,"column":21}},"53":{"start":{"line":124,"column":22},"end":{"line":124,"column":38}},"54":{"start":{"line":125,"column":22},"end":{"line":125,"column":56}},"55":{"start":{"line":126,"column":4},"end":{"line":126,"column":45}},"56":{"start":{"line":126,"column":30},"end":{"line":126,"column":45}},"57":{"start":{"line":127,"column":4},"end":{"line":127,"column":45}},"58":{"start":{"line":127,"column":30},"end":{"line":127,"column":45}},"59":{"start":{"line":128,"column":4},"end":{"line":128,"column":20}}},"fnMap":{"0":{"name":"(anonymous_0)","decl":{"start":{"line":12,"column":2},"end":{"line":12,"column":3}},"loc":{"start":{"line":12,"column":49},"end":{"line":51,"column":3}},"line":12},"1":{"name":"(anonymous_1)","decl":{"start":{"line":53,"column":2},"end":{"line":53,"column":3}},"loc":{"start":{"line":53,"column":67},"end":{"line":61,"column":3}},"line":53},"2":{"name":"(anonymous_2)","decl":{"start":{"line":63,"column":2},"end":{"line":63,"column":3}},"loc":{"start":{"line":63,"column":53},"end":{"line":75,"column":3}},"line":63},"3":{"name":"(anonymous_3)","decl":{"start":{"line":77,"column":2},"end":{"line":77,"column":3}},"loc":{"start":{"line":77,"column":51},"end":{"line":91,"column":3}},"line":77},"4":{"name":"(anonymous_4)","decl":{"start":{"line":93,"column":2},"end":{"line":93,"column":3}},"loc":{"start":{"line":93,"column":52},"end":{"line":96,"column":3}},"line":93},"5":{"name":"(anonymous_5)","decl":{"start":{"line":98,"column":2},"end":{"line":98,"column":3}},"loc":{"start":{"line":98,"column":50},"end":{"line":101,"column":3}},"line":98},"6":{"name":"(anonymous_6)","decl":{"start":{"line":103,"column":2},"end":{"line":103,"column":3}},"loc":{"start":{"line":103,"column":58},"end":{"line":121,"column":3}},"line":103},"7":{"name":"(anonymous_7)","decl":{"start":{"line":123,"column":2},"end":{"line":123,"column":3}},"loc":{"start":{"line":123,"column":41},"end":{"line":129,"column":3}},"line":123}},"branchMap":{"0":{"loc":{"start":{"line":34,"column":4},"end":{"line":40,"column":5}},"type":"if","locations":[{"start":{"line":34,"column":4},"end":{"line":40,"column":5}},{"start":{"line":38,"column":11},"end":{"line":40,"column":5}}],"line":34},"1":{"loc":{"start":{"line":57,"column":4},"end":{"line":57,"column":48}},"type":"if","locations":[{"start":{"line":57,"column":4},"end":{"line":57,"column":48}},{"start":{},"end":{}}],"line":57},"2":{"loc":{"start":{"line":58,"column":4},"end":{"line":58,"column":49}},"type":"if","locations":[{"start":{"line":58,"column":4},"end":{"line":58,"column":49}},{"start":{},"end":{}}],"line":58},"3":{"loc":{"start":{"line":67,"column":4},"end":{"line":71,"column":5}},"type":"if","locations":[{"start":{"line":67,"column":4},"end":{"line":71,"column":5}},{"start":{},"end":{}}],"line":67},"4":{"loc":{"start":{"line":94,"column":4},"end":{"line":94,"column":41}},"type":"if","locations":[{"start":{"line":94,"column":4},"end":{"line":94,"column":41}},{"start":{},"end":{}}],"line":94},"5":{"loc":{"start":{"line":99,"column":4},"end":{"line":99,"column":45}},"type":"if","locations":[{"start":{"line":99,"column":4},"end":{"line":99,"column":45}},{"start":{},"end":{}}],"line":99},"6":{"loc":{"start":{"line":110,"column":4},"end":{"line":114,"column":5}},"type":"if","locations":[{"start":{"line":110,"column":4},"end":{"line":114,"column":5}},{"start":{},"end":{}}],"line":110},"7":{"loc":{"start":{"line":116,"column":4},"end":{"line":116,"column":51}},"type":"if","locations":[{"start":{"line":116,"column":4},"end":{"line":116,"column":51}},{"start":{},"end":{}}],"line":116},"8":{"loc":{"start":{"line":117,"column":4},"end":{"line":117,"column":47}},"type":"if","locations":[{"start":{"line":117,"column":4},"end":{"line":117,"column":47}},{"start":{},"end":{}}],"line":117},"9":{"loc":{"start":{"line":126,"column":4},"end":{"line":126,"column":45}},"type":"if","locations":[{"start":{"line":126,"column":4},"end":{"line":126,"column":45}},{"start":{},"end":{}}],"line":126},"10":{"loc":{"start":{"line":127,"column":4},"end":{"line":127,"column":45}},"type":"if","locations":[{"start":{"line":127,"column":4},"end":{"line":127,"column":45}},{"start":{},"end":{}}],"line":127}},"s":{"0":0,"1":0,"2":0,"3":0,"4":0,"5":0,"6":0,"7":0,"8":0,"9":0,"10":0,"11":0,"12":0,"13":0,"14":0,"15":0,"16":0,"17":0,"18":0,"19":0,"20":0,"21":0,"22":0,"23":0,"24":0,"25":0,"26":0,"27":0,"28":0,"29":0,"30":0,"31":0,"32":0,"33":0,"34":0,"35":0,"36":0,"37":0,"38":0,"39":0,"40":0,"41":0,"42":0,"43":0,"44":0,"45":0,"46":0,"47":0,"48":0,"49":0,"50":0,"51":0,"52":0,"53":0,"54":0,"55":0,"56":0,"57":0,"58":0,"59":0},"f":{"0":0,"1":0,"2":0,"3":0,"4":0,"5":0,"6":0,"7":0},"b":{"0":[0,0],"1":[0,0],"2":[0,0],"3":[0,0],"4":[0,0],"5":[0,0],"6":[0,0],"7":[0,0],"8":[0,0],"9":[0,0],"10":[0,0]}}
,"C:\\Users\\anvyd\\Desktop\\code\\slider-plugin\\src\\components\\Observer\\Observer.ts": {"path":"C:\\Users\\anvyd\\Desktop\\code\\slider-plugin\\src\\components\\Observer\\Observer.ts","statementMap":{"0":{"start":{"line":11,"column":53},"end":{"line":11,"column":55}},"1":{"start":{"line":14,"column":39},"end":{"line":14,"column":66}},"2":{"start":{"line":15,"column":4},"end":{"line":15,"column":57}},"3":{"start":{"line":19,"column":4},"end":{"line":19,"column":65}},"4":{"start":{"line":19,"column":49},"end":{"line":19,"column":64}}},"fnMap":{"0":{"name":"(anonymous_0)","decl":{"start":{"line":13,"column":2},"end":{"line":13,"column":3}},"loc":{"start":{"line":13,"column":60},"end":{"line":16,"column":3}},"line":13},"1":{"name":"(anonymous_1)","decl":{"start":{"line":18,"column":2},"end":{"line":18,"column":3}},"loc":{"start":{"line":18,"column":86},"end":{"line":20,"column":3}},"line":18},"2":{"name":"(anonymous_2)","decl":{"start":{"line":19,"column":35},"end":{"line":19,"column":36}},"loc":{"start":{"line":19,"column":49},"end":{"line":19,"column":64}},"line":19}},"branchMap":{"0":{"loc":{"start":{"line":14,"column":39},"end":{"line":14,"column":66}},"type":"binary-expr","locations":[{"start":{"line":14,"column":39},"end":{"line":14,"column":60}},{"start":{"line":14,"column":64},"end":{"line":14,"column":66}}],"line":14}},"s":{"0":19,"1":0,"2":0,"3":2,"4":0},"f":{"0":0,"1":2,"2":0},"b":{"0":[0,0]},"_coverageSchema":"1a1c01bbd47fc00a2c39e90264f33305004495a9","hash":"0039e7a2c77d80e1ff309686c4d5ba1d25dd38c8"}
,"C:\\Users\\anvyd\\Desktop\\code\\slider-plugin\\src\\components\\View\\View.ts": {"path":"C:\\Users\\anvyd\\Desktop\\code\\slider-plugin\\src\\components\\View\\View.ts","statementMap":{"0":{"start":{"line":12,"column":4},"end":{"line":12,"column":11}},"1":{"start":{"line":13,"column":4},"end":{"line":13,"column":22}},"2":{"start":{"line":14,"column":4},"end":{"line":14,"column":20}},"3":{"start":{"line":15,"column":4},"end":{"line":15,"column":20}},"4":{"start":{"line":19,"column":4},"end":{"line":19,"column":28}},"5":{"start":{"line":20,"column":19},"end":{"line":20,"column":47}},"6":{"start":{"line":22,"column":4},"end":{"line":22,"column":50}},"7":{"start":{"line":23,"column":4},"end":{"line":23,"column":21}},"8":{"start":{"line":29,"column":24},"end":{"line":29,"column":29}},"9":{"start":{"line":30,"column":4},"end":{"line":30,"column":45}},"10":{"start":{"line":31,"column":4},"end":{"line":31,"column":51}},"11":{"start":{"line":32,"column":4},"end":{"line":34,"column":5}},"12":{"start":{"line":33,"column":6},"end":{"line":33,"column":53}},"13":{"start":{"line":42,"column":4},"end":{"line":42,"column":26}},"14":{"start":{"line":43,"column":4},"end":{"line":43,"column":27}},"15":{"start":{"line":44,"column":4},"end":{"line":44,"column":26}},"16":{"start":{"line":48,"column":22},"end":{"line":48,"column":43}},"17":{"start":{"line":49,"column":4},"end":{"line":51,"column":6}},"18":{"start":{"line":50,"column":6},"end":{"line":50,"column":55}},"19":{"start":{"line":55,"column":24},"end":{"line":55,"column":34}},"20":{"start":{"line":56,"column":35},"end":{"line":56,"column":56}},"21":{"start":{"line":57,"column":22},"end":{"line":57,"column":38}},"22":{"start":{"line":59,"column":4},"end":{"line":66,"column":6}},"23":{"start":{"line":60,"column":6},"end":{"line":64,"column":7}},"24":{"start":{"line":61,"column":32},"end":{"line":61,"column":54}},"25":{"start":{"line":62,"column":8},"end":{"line":62,"column":36}},"26":{"start":{"line":63,"column":8},"end":{"line":63,"column":42}},"27":{"start":{"line":65,"column":6},"end":{"line":65,"column":53}},"28":{"start":{"line":68,"column":4},"end":{"line":70,"column":6}},"29":{"start":{"line":69,"column":6},"end":{"line":69,"column":55}},"30":{"start":{"line":72,"column":4},"end":{"line":74,"column":6}},"31":{"start":{"line":73,"column":6},"end":{"line":73,"column":55}},"32":{"start":{"line":76,"column":4},"end":{"line":91,"column":5}},"33":{"start":{"line":77,"column":6},"end":{"line":82,"column":8}},"34":{"start":{"line":78,"column":32},"end":{"line":78,"column":54}},"35":{"start":{"line":79,"column":8},"end":{"line":79,"column":42}},"36":{"start":{"line":80,"column":8},"end":{"line":80,"column":36}},"37":{"start":{"line":81,"column":8},"end":{"line":81,"column":53}},"38":{"start":{"line":84,"column":6},"end":{"line":86,"column":8}},"39":{"start":{"line":85,"column":8},"end":{"line":85,"column":57}},"40":{"start":{"line":88,"column":6},"end":{"line":90,"column":8}},"41":{"start":{"line":89,"column":8},"end":{"line":89,"column":57}},"42":{"start":{"line":96,"column":23},"end":{"line":96,"column":44}},"43":{"start":{"line":97,"column":4},"end":{"line":99,"column":6}},"44":{"start":{"line":98,"column":6},"end":{"line":98,"column":55}}},"fnMap":{"0":{"name":"(anonymous_0)","decl":{"start":{"line":11,"column":2},"end":{"line":11,"column":3}},"loc":{"start":{"line":11,"column":51},"end":{"line":16,"column":3}},"line":11},"1":{"name":"(anonymous_1)","decl":{"start":{"line":18,"column":2},"end":{"line":18,"column":3}},"loc":{"start":{"line":18,"column":38},"end":{"line":24,"column":3}},"line":18},"2":{"name":"(anonymous_2)","decl":{"start":{"line":28,"column":2},"end":{"line":28,"column":3}},"loc":{"start":{"line":28,"column":34},"end":{"line":39,"column":3}},"line":28},"3":{"name":"(anonymous_3)","decl":{"start":{"line":41,"column":2},"end":{"line":41,"column":3}},"loc":{"start":{"line":41,"column":29},"end":{"line":45,"column":3}},"line":41},"4":{"name":"(anonymous_4)","decl":{"start":{"line":47,"column":2},"end":{"line":47,"column":3}},"loc":{"start":{"line":47,"column":34},"end":{"line":52,"column":3}},"line":47},"5":{"name":"(anonymous_5)","decl":{"start":{"line":49,"column":53},"end":{"line":49,"column":54}},"loc":{"start":{"line":49,"column":79},"end":{"line":51,"column":5}},"line":49},"6":{"name":"(anonymous_6)","decl":{"start":{"line":54,"column":2},"end":{"line":54,"column":3}},"loc":{"start":{"line":54,"column":34},"end":{"line":93,"column":3}},"line":54},"7":{"name":"(anonymous_7)","decl":{"start":{"line":59,"column":58},"end":{"line":59,"column":59}},"loc":{"start":{"line":59,"column":77},"end":{"line":66,"column":5}},"line":59},"8":{"name":"(anonymous_8)","decl":{"start":{"line":68,"column":55},"end":{"line":68,"column":56}},"loc":{"start":{"line":68,"column":89},"end":{"line":70,"column":5}},"line":68},"9":{"name":"(anonymous_9)","decl":{"start":{"line":72,"column":55},"end":{"line":72,"column":56}},"loc":{"start":{"line":72,"column":89},"end":{"line":74,"column":5}},"line":72},"10":{"name":"(anonymous_10)","decl":{"start":{"line":77,"column":64},"end":{"line":77,"column":65}},"loc":{"start":{"line":77,"column":83},"end":{"line":82,"column":7}},"line":77},"11":{"name":"(anonymous_11)","decl":{"start":{"line":84,"column":63},"end":{"line":84,"column":64}},"loc":{"start":{"line":84,"column":97},"end":{"line":86,"column":7}},"line":84},"12":{"name":"(anonymous_12)","decl":{"start":{"line":88,"column":63},"end":{"line":88,"column":64}},"loc":{"start":{"line":88,"column":97},"end":{"line":90,"column":7}},"line":88},"13":{"name":"(anonymous_13)","decl":{"start":{"line":95,"column":2},"end":{"line":95,"column":3}},"loc":{"start":{"line":95,"column":35},"end":{"line":100,"column":3}},"line":95},"14":{"name":"(anonymous_14)","decl":{"start":{"line":97,"column":55},"end":{"line":97,"column":56}},"loc":{"start":{"line":97,"column":81},"end":{"line":99,"column":5}},"line":97}},"branchMap":{"0":{"loc":{"start":{"line":32,"column":4},"end":{"line":34,"column":5}},"type":"if","locations":[{"start":{"line":32,"column":4},"end":{"line":34,"column":5}},{"start":{},"end":{}}],"line":32},"1":{"loc":{"start":{"line":60,"column":6},"end":{"line":64,"column":7}},"type":"if","locations":[{"start":{"line":60,"column":6},"end":{"line":64,"column":7}},{"start":{},"end":{}}],"line":60},"2":{"loc":{"start":{"line":76,"column":4},"end":{"line":91,"column":5}},"type":"if","locations":[{"start":{"line":76,"column":4},"end":{"line":91,"column":5}},{"start":{},"end":{}}],"line":76}},"s":{"0":0,"1":0,"2":0,"3":0,"4":0,"5":0,"6":0,"7":0,"8":0,"9":0,"10":0,"11":0,"12":0,"13":0,"14":0,"15":0,"16":0,"17":0,"18":0,"19":0,"20":0,"21":0,"22":0,"23":0,"24":0,"25":0,"26":0,"27":0,"28":0,"29":0,"30":0,"31":0,"32":0,"33":0,"34":0,"35":0,"36":0,"37":0,"38":0,"39":0,"40":0,"41":0,"42":0,"43":0,"44":0},"f":{"0":0,"1":0,"2":0,"3":0,"4":0,"5":0,"6":0,"7":0,"8":0,"9":0,"10":0,"11":0,"12":0,"13":0,"14":0},"b":{"0":[0,0],"1":[0,0],"2":[0,0]}}
,"C:\\Users\\anvyd\\Desktop\\code\\slider-plugin\\src\\components\\View\\Slider\\Slider.ts": {"path":"C:\\Users\\anvyd\\Desktop\\code\\slider-plugin\\src\\components\\View\\Slider\\Slider.ts","statementMap":{"0":{"start":{"line":17,"column":4},"end":{"line":17,"column":20}},"1":{"start":{"line":18,"column":4},"end":{"line":18,"column":22}},"2":{"start":{"line":19,"column":4},"end":{"line":19,"column":15}},"3":{"start":{"line":23,"column":4},"end":{"line":23,"column":26}},"4":{"start":{"line":27,"column":28},"end":{"line":27,"column":38}},"5":{"start":{"line":28,"column":19},"end":{"line":28,"column":49}},"6":{"start":{"line":30,"column":4},"end":{"line":30,"column":45}},"7":{"start":{"line":32,"column":4},"end":{"line":32,"column":52}},"8":{"start":{"line":33,"column":4},"end":{"line":33,"column":57}},"9":{"start":{"line":35,"column":4},"end":{"line":35,"column":29}},"10":{"start":{"line":36,"column":4},"end":{"line":36,"column":56}},"11":{"start":{"line":40,"column":24},"end":{"line":40,"column":34}},"12":{"start":{"line":41,"column":21},"end":{"line":41,"column":23}},"13":{"start":{"line":42,"column":27},"end":{"line":42,"column":71}},"14":{"start":{"line":44,"column":4},"end":{"line":48,"column":6}},"15":{"start":{"line":45,"column":22},"end":{"line":45,"column":45}},"16":{"start":{"line":46,"column":34},"end":{"line":46,"column":82}},"17":{"start":{"line":47,"column":6},"end":{"line":47,"column":39}},"18":{"start":{"line":52,"column":4},"end":{"line":57,"column":5}},"19":{"start":{"line":53,"column":6},"end":{"line":56,"column":7}},"20":{"start":{"line":59,"column":4},"end":{"line":59,"column":39}},"21":{"start":{"line":63,"column":51},"end":{"line":63,"column":61}},"22":{"start":{"line":65,"column":18},"end":{"line":65,"column":53}},"23":{"start":{"line":66,"column":24},"end":{"line":66,"column":71}},"24":{"start":{"line":67,"column":19},"end":{"line":67,"column":56}},"25":{"start":{"line":69,"column":4},"end":{"line":69,"column":56}},"26":{"start":{"line":71,"column":4},"end":{"line":74,"column":5}},"27":{"start":{"line":72,"column":26},"end":{"line":72,"column":67}},"28":{"start":{"line":73,"column":6},"end":{"line":73,"column":64}},"29":{"start":{"line":76,"column":4},"end":{"line":76,"column":83}},"30":{"start":{"line":76,"column":24},"end":{"line":76,"column":83}},"31":{"start":{"line":77,"column":4},"end":{"line":77,"column":72}},"32":{"start":{"line":77,"column":19},"end":{"line":77,"column":72}},"33":{"start":{"line":81,"column":19},"end":{"line":81,"column":48}},"34":{"start":{"line":82,"column":4},"end":{"line":82,"column":73}},"35":{"start":{"line":84,"column":4},"end":{"line":84,"column":17}}},"fnMap":{"0":{"name":"(anonymous_0)","decl":{"start":{"line":16,"column":2},"end":{"line":16,"column":3}},"loc":{"start":{"line":16,"column":51},"end":{"line":20,"column":3}},"line":16},"1":{"name":"(anonymous_1)","decl":{"start":{"line":22,"column":2},"end":{"line":22,"column":3}},"loc":{"start":{"line":22,"column":43},"end":{"line":24,"column":3}},"line":22},"2":{"name":"(anonymous_2)","decl":{"start":{"line":26,"column":2},"end":{"line":26,"column":3}},"loc":{"start":{"line":26,"column":23},"end":{"line":37,"column":3}},"line":26},"3":{"name":"(anonymous_3)","decl":{"start":{"line":39,"column":2},"end":{"line":39,"column":3}},"loc":{"start":{"line":39,"column":47},"end":{"line":60,"column":3}},"line":39},"4":{"name":"(anonymous_4)","decl":{"start":{"line":44,"column":27},"end":{"line":44,"column":28}},"loc":{"start":{"line":44,"column":38},"end":{"line":48,"column":5}},"line":44},"5":{"name":"(anonymous_5)","decl":{"start":{"line":62,"column":2},"end":{"line":62,"column":3}},"loc":{"start":{"line":62,"column":31},"end":{"line":78,"column":3}},"line":62},"6":{"name":"(anonymous_6)","decl":{"start":{"line":80,"column":2},"end":{"line":80,"column":3}},"loc":{"start":{"line":80,"column":65},"end":{"line":85,"column":3}},"line":80}},"branchMap":{"0":{"loc":{"start":{"line":52,"column":4},"end":{"line":57,"column":5}},"type":"if","locations":[{"start":{"line":52,"column":4},"end":{"line":57,"column":5}},{"start":{},"end":{}}],"line":52},"1":{"loc":{"start":{"line":71,"column":4},"end":{"line":74,"column":5}},"type":"if","locations":[{"start":{"line":71,"column":4},"end":{"line":74,"column":5}},{"start":{},"end":{}}],"line":71},"2":{"loc":{"start":{"line":76,"column":4},"end":{"line":76,"column":83}},"type":"if","locations":[{"start":{"line":76,"column":4},"end":{"line":76,"column":83}},{"start":{},"end":{}}],"line":76},"3":{"loc":{"start":{"line":77,"column":4},"end":{"line":77,"column":72}},"type":"if","locations":[{"start":{"line":77,"column":4},"end":{"line":77,"column":72}},{"start":{},"end":{}}],"line":77}},"s":{"0":4,"1":4,"2":4,"3":2,"4":4,"5":4,"6":4,"7":4,"8":4,"9":4,"10":4,"11":4,"12":4,"13":4,"14":4,"15":20,"16":20,"17":20,"18":4,"19":1,"20":4,"21":4,"22":4,"23":4,"24":4,"25":4,"26":4,"27":1,"28":1,"29":4,"30":1,"31":4,"32":1,"33":4,"34":4,"35":4},"f":{"0":4,"1":2,"2":4,"3":4,"4":20,"5":4,"6":4},"b":{"0":[1,3],"1":[1,3],"2":[1,3],"3":[1,3]},"_coverageSchema":"1a1c01bbd47fc00a2c39e90264f33305004495a9","hash":"2670d68e25ac3162fc6c3c4cbd9fcddf2a9fde40"}
,"C:\\Users\\anvyd\\Desktop\\code\\slider-plugin\\src\\components\\View\\subView\\Labels\\Labels.ts": {"path":"C:\\Users\\anvyd\\Desktop\\code\\slider-plugin\\src\\components\\View\\subView\\Labels\\Labels.ts","statementMap":{"0":{"start":{"line":12,"column":4},"end":{"line":12,"column":11}},"1":{"start":{"line":13,"column":4},"end":{"line":13,"column":22}},"2":{"start":{"line":14,"column":4},"end":{"line":14,"column":15}},"3":{"start":{"line":18,"column":4},"end":{"line":18,"column":22}},"4":{"start":{"line":22,"column":44},"end":{"line":22,"column":54}},"5":{"start":{"line":23,"column":4},"end":{"line":23,"column":64}},"6":{"start":{"line":24,"column":4},"end":{"line":24,"column":88}},"7":{"start":{"line":38,"column":34},"end":{"line":38,"column":35}},"8":{"start":{"line":39,"column":18},"end":{"line":39,"column":75}},"9":{"start":{"line":41,"column":19},"end":{"line":41,"column":48}},"10":{"start":{"line":42,"column":4},"end":{"line":42,"column":76}},"11":{"start":{"line":43,"column":4},"end":{"line":43,"column":44}},"12":{"start":{"line":45,"column":4},"end":{"line":45,"column":74}},"13":{"start":{"line":45,"column":26},"end":{"line":45,"column":73}},"14":{"start":{"line":47,"column":4},"end":{"line":47,"column":17}},"15":{"start":{"line":58,"column":18},"end":{"line":58,"column":20}},"16":{"start":{"line":63,"column":4},"end":{"line":71,"column":5}},"17":{"start":{"line":63,"column":17},"end":{"line":63,"column":18}},"18":{"start":{"line":64,"column":27},"end":{"line":64,"column":45}},"19":{"start":{"line":65,"column":28},"end":{"line":65,"column":80}},"20":{"start":{"line":66,"column":31},"end":{"line":66,"column":59}},"21":{"start":{"line":67,"column":38},"end":{"line":67,"column":85}},"22":{"start":{"line":68,"column":32},"end":{"line":68,"column":114}},"23":{"start":{"line":69,"column":19},"end":{"line":69,"column":92}},"24":{"start":{"line":70,"column":6},"end":{"line":70,"column":22}},"25":{"start":{"line":73,"column":4},"end":{"line":73,"column":16}},"26":{"start":{"line":82,"column":22},"end":{"line":82,"column":68}},"27":{"start":{"line":83,"column":18},"end":{"line":83,"column":47}},"28":{"start":{"line":84,"column":4},"end":{"line":84,"column":46}},"29":{"start":{"line":85,"column":4},"end":{"line":85,"column":60}},"30":{"start":{"line":86,"column":4},"end":{"line":86,"column":52}},"31":{"start":{"line":87,"column":4},"end":{"line":87,"column":43}},"32":{"start":{"line":89,"column":4},"end":{"line":89,"column":16}},"33":{"start":{"line":93,"column":23},"end":{"line":93,"column":28}},"34":{"start":{"line":94,"column":4},"end":{"line":97,"column":5}},"35":{"start":{"line":95,"column":33},"end":{"line":95,"column":61}},"36":{"start":{"line":96,"column":6},"end":{"line":96,"column":69}}},"fnMap":{"0":{"name":"(anonymous_0)","decl":{"start":{"line":11,"column":2},"end":{"line":11,"column":3}},"loc":{"start":{"line":11,"column":32},"end":{"line":15,"column":3}},"line":11},"1":{"name":"(anonymous_1)","decl":{"start":{"line":17,"column":2},"end":{"line":17,"column":3}},"loc":{"start":{"line":17,"column":37},"end":{"line":19,"column":3}},"line":17},"2":{"name":"(anonymous_2)","decl":{"start":{"line":21,"column":2},"end":{"line":21,"column":3}},"loc":{"start":{"line":21,"column":23},"end":{"line":25,"column":3}},"line":21},"3":{"name":"(anonymous_3)","decl":{"start":{"line":27,"column":2},"end":{"line":27,"column":3}},"loc":{"start":{"line":32,"column":20},"end":{"line":48,"column":3}},"line":32},"4":{"name":"(anonymous_4)","decl":{"start":{"line":45,"column":18},"end":{"line":45,"column":19}},"loc":{"start":{"line":45,"column":26},"end":{"line":45,"column":73}},"line":45},"5":{"name":"(anonymous_5)","decl":{"start":{"line":50,"column":2},"end":{"line":50,"column":3}},"loc":{"start":{"line":56,"column":22},"end":{"line":74,"column":3}},"line":56},"6":{"name":"(anonymous_6)","decl":{"start":{"line":76,"column":2},"end":{"line":76,"column":3}},"loc":{"start":{"line":80,"column":20},"end":{"line":90,"column":3}},"line":80},"7":{"name":"(anonymous_7)","decl":{"start":{"line":92,"column":2},"end":{"line":92,"column":3}},"loc":{"start":{"line":92,"column":61},"end":{"line":98,"column":3}},"line":92}},"branchMap":{"0":{"loc":{"start":{"line":67,"column":38},"end":{"line":67,"column":85}},"type":"cond-expr","locations":[{"start":{"line":67,"column":63},"end":{"line":67,"column":66}},{"start":{"line":67,"column":69},"end":{"line":67,"column":85}}],"line":67},"1":{"loc":{"start":{"line":82,"column":22},"end":{"line":82,"column":68}},"type":"cond-expr","locations":[{"start":{"line":82,"column":51},"end":{"line":82,"column":59}},{"start":{"line":82,"column":62},"end":{"line":82,"column":68}}],"line":82},"2":{"loc":{"start":{"line":94,"column":4},"end":{"line":97,"column":5}},"type":"if","locations":[{"start":{"line":94,"column":4},"end":{"line":97,"column":5}},{"start":{},"end":{}}],"line":94}},"s":{"0":4,"1":4,"2":4,"3":4,"4":4,"5":4,"6":4,"7":4,"8":4,"9":4,"10":4,"11":4,"12":4,"13":24,"14":4,"15":4,"16":4,"17":4,"18":24,"19":24,"20":24,"21":24,"22":24,"23":24,"24":24,"25":4,"26":24,"27":24,"28":24,"29":24,"30":24,"31":24,"32":24,"33":0,"34":0,"35":0,"36":0},"f":{"0":4,"1":4,"2":4,"3":4,"4":24,"5":4,"6":24,"7":0},"b":{"0":[0,24],"1":[0,24],"2":[0,0]},"_coverageSchema":"1a1c01bbd47fc00a2c39e90264f33305004495a9","hash":"4a20cd7efffc5acc6143eb02333e1feb78575210"}
,"C:\\Users\\anvyd\\Desktop\\code\\slider-plugin\\src\\components\\View\\subView\\ProgressBar\\ProgressBar.ts": {"path":"C:\\Users\\anvyd\\Desktop\\code\\slider-plugin\\src\\components\\View\\subView\\ProgressBar\\ProgressBar.ts","statementMap":{"0":{"start":{"line":10,"column":4},"end":{"line":10,"column":22}},"1":{"start":{"line":11,"column":4},"end":{"line":11,"column":15}},"2":{"start":{"line":15,"column":4},"end":{"line":15,"column":27}},"3":{"start":{"line":19,"column":47},"end":{"line":19,"column":52}},"4":{"start":{"line":20,"column":25},"end":{"line":20,"column":74}},"5":{"start":{"line":21,"column":22},"end":{"line":21,"column":70}},"6":{"start":{"line":22,"column":4},"end":{"line":22,"column":73}},"7":{"start":{"line":26,"column":54},"end":{"line":26,"column":64}},"8":{"start":{"line":27,"column":25},"end":{"line":27,"column":74}},"9":{"start":{"line":28,"column":22},"end":{"line":28,"column":70}},"10":{"start":{"line":29,"column":4},"end":{"line":29,"column":65}},"11":{"start":{"line":30,"column":4},"end":{"line":30,"column":73}},"12":{"start":{"line":34,"column":24},"end":{"line":34,"column":53}},"13":{"start":{"line":35,"column":4},"end":{"line":35,"column":127}},"14":{"start":{"line":36,"column":4},"end":{"line":36,"column":54}},"15":{"start":{"line":38,"column":4},"end":{"line":38,"column":22}},"16":{"start":{"line":48,"column":4},"end":{"line":54,"column":5}},"17":{"start":{"line":49,"column":24},"end":{"line":49,"column":33}},"18":{"start":{"line":50,"column":6},"end":{"line":50,"column":92}},"19":{"start":{"line":51,"column":6},"end":{"line":51,"column":79}},"20":{"start":{"line":53,"column":6},"end":{"line":53,"column":95}},"21":{"start":{"line":58,"column":31},"end":{"line":58,"column":41}},"22":{"start":{"line":59,"column":26},"end":{"line":59,"column":58}},"23":{"start":{"line":61,"column":23},"end":{"line":61,"column":53}},"24":{"start":{"line":63,"column":4},"end":{"line":63,"column":46}},"25":{"start":{"line":63,"column":28},"end":{"line":63,"column":46}},"26":{"start":{"line":64,"column":4},"end":{"line":64,"column":42}},"27":{"start":{"line":64,"column":26},"end":{"line":64,"column":42}},"28":{"start":{"line":66,"column":4},"end":{"line":66,"column":23}}},"fnMap":{"0":{"name":"(anonymous_0)","decl":{"start":{"line":9,"column":2},"end":{"line":9,"column":3}},"loc":{"start":{"line":9,"column":32},"end":{"line":12,"column":3}},"line":9},"1":{"name":"(anonymous_1)","decl":{"start":{"line":14,"column":2},"end":{"line":14,"column":3}},"loc":{"start":{"line":14,"column":42},"end":{"line":16,"column":3}},"line":14},"2":{"name":"(anonymous_2)","decl":{"start":{"line":18,"column":2},"end":{"line":18,"column":3}},"loc":{"start":{"line":18,"column":40},"end":{"line":23,"column":3}},"line":18},"3":{"name":"(anonymous_3)","decl":{"start":{"line":25,"column":2},"end":{"line":25,"column":3}},"loc":{"start":{"line":25,"column":23},"end":{"line":31,"column":3}},"line":25},"4":{"name":"(anonymous_4)","decl":{"start":{"line":33,"column":2},"end":{"line":33,"column":3}},"loc":{"start":{"line":33,"column":84},"end":{"line":39,"column":3}},"line":33},"5":{"name":"(anonymous_5)","decl":{"start":{"line":41,"column":2},"end":{"line":41,"column":3}},"loc":{"start":{"line":47,"column":10},"end":{"line":55,"column":3}},"line":47},"6":{"name":"(anonymous_6)","decl":{"start":{"line":57,"column":2},"end":{"line":57,"column":3}},"loc":{"start":{"line":57,"column":46},"end":{"line":67,"column":3}},"line":57}},"branchMap":{"0":{"loc":{"start":{"line":20,"column":25},"end":{"line":20,"column":74}},"type":"cond-expr","locations":[{"start":{"line":20,"column":56},"end":{"line":20,"column":63}},{"start":{"line":20,"column":66},"end":{"line":20,"column":74}}],"line":20},"1":{"loc":{"start":{"line":21,"column":22},"end":{"line":21,"column":70}},"type":"cond-expr","locations":[{"start":{"line":21,"column":53},"end":{"line":21,"column":59}},{"start":{"line":21,"column":62},"end":{"line":21,"column":70}}],"line":21},"2":{"loc":{"start":{"line":27,"column":25},"end":{"line":27,"column":74}},"type":"cond-expr","locations":[{"start":{"line":27,"column":56},"end":{"line":27,"column":63}},{"start":{"line":27,"column":66},"end":{"line":27,"column":74}}],"line":27},"3":{"loc":{"start":{"line":28,"column":22},"end":{"line":28,"column":70}},"type":"cond-expr","locations":[{"start":{"line":28,"column":53},"end":{"line":28,"column":59}},{"start":{"line":28,"column":62},"end":{"line":28,"column":70}}],"line":28},"4":{"loc":{"start":{"line":48,"column":4},"end":{"line":54,"column":5}},"type":"if","locations":[{"start":{"line":48,"column":4},"end":{"line":54,"column":5}},{"start":{"line":52,"column":11},"end":{"line":54,"column":5}}],"line":48},"5":{"loc":{"start":{"line":63,"column":4},"end":{"line":63,"column":46}},"type":"if","locations":[{"start":{"line":63,"column":4},"end":{"line":63,"column":46}},{"start":{},"end":{}}],"line":63},"6":{"loc":{"start":{"line":64,"column":4},"end":{"line":64,"column":42}},"type":"if","locations":[{"start":{"line":64,"column":4},"end":{"line":64,"column":42}},{"start":{},"end":{}}],"line":64}},"s":{"0":4,"1":4,"2":4,"3":0,"4":0,"5":0,"6":0,"7":4,"8":4,"9":4,"10":4,"11":4,"12":4,"13":4,"14":4,"15":4,"16":4,"17":1,"18":1,"19":1,"20":3,"21":1,"22":1,"23":1,"24":1,"25":0,"26":1,"27":0,"28":1},"f":{"0":4,"1":4,"2":0,"3":4,"4":4,"5":4,"6":1},"b":{"0":[0,0],"1":[0,0],"2":[4,0],"3":[4,0],"4":[1,3],"5":[0,1],"6":[0,1]},"_coverageSchema":"1a1c01bbd47fc00a2c39e90264f33305004495a9","hash":"79d39ce92ff2e69f43549083cd0af8a13a7b047c"}
,"C:\\Users\\anvyd\\Desktop\\code\\slider-plugin\\src\\components\\View\\subView\\Scale\\Scale.ts": {"path":"C:\\Users\\anvyd\\Desktop\\code\\slider-plugin\\src\\components\\View\\subView\\Scale\\Scale.ts","statementMap":{"0":{"start":{"line":12,"column":4},"end":{"line":12,"column":11}},"1":{"start":{"line":13,"column":4},"end":{"line":13,"column":22}},"2":{"start":{"line":14,"column":4},"end":{"line":14,"column":15}},"3":{"start":{"line":18,"column":4},"end":{"line":18,"column":21}},"4":{"start":{"line":22,"column":28},"end":{"line":22,"column":38}},"5":{"start":{"line":23,"column":29},"end":{"line":23,"column":84}},"6":{"start":{"line":25,"column":4},"end":{"line":25,"column":51}},"7":{"start":{"line":26,"column":4},"end":{"line":26,"column":86}},"8":{"start":{"line":30,"column":18},"end":{"line":30,"column":47}},"9":{"start":{"line":31,"column":4},"end":{"line":31,"column":93}},"10":{"start":{"line":32,"column":4},"end":{"line":32,"column":42}},"11":{"start":{"line":34,"column":4},"end":{"line":34,"column":16}},"12":{"start":{"line":41,"column":4},"end":{"line":44,"column":5}},"13":{"start":{"line":42,"column":28},"end":{"line":42,"column":58}},"14":{"start":{"line":43,"column":6},"end":{"line":43,"column":84}},"15":{"start":{"line":48,"column":23},"end":{"line":48,"column":28}},"16":{"start":{"line":49,"column":4},"end":{"line":52,"column":5}},"17":{"start":{"line":50,"column":22},"end":{"line":50,"column":90}},"18":{"start":{"line":51,"column":6},"end":{"line":51,"column":20}}},"fnMap":{"0":{"name":"(anonymous_0)","decl":{"start":{"line":11,"column":2},"end":{"line":11,"column":3}},"loc":{"start":{"line":11,"column":32},"end":{"line":15,"column":3}},"line":11},"1":{"name":"(anonymous_1)","decl":{"start":{"line":17,"column":2},"end":{"line":17,"column":3}},"loc":{"start":{"line":17,"column":36},"end":{"line":19,"column":3}},"line":17},"2":{"name":"(anonymous_2)","decl":{"start":{"line":21,"column":2},"end":{"line":21,"column":3}},"loc":{"start":{"line":21,"column":23},"end":{"line":27,"column":3}},"line":21},"3":{"name":"(anonymous_3)","decl":{"start":{"line":29,"column":2},"end":{"line":29,"column":3}},"loc":{"start":{"line":29,"column":64},"end":{"line":35,"column":3}},"line":29},"4":{"name":"(anonymous_4)","decl":{"start":{"line":40,"column":2},"end":{"line":40,"column":3}},"loc":{"start":{"line":40,"column":60},"end":{"line":45,"column":3}},"line":40},"5":{"name":"(anonymous_5)","decl":{"start":{"line":47,"column":2},"end":{"line":47,"column":3}},"loc":{"start":{"line":47,"column":58},"end":{"line":53,"column":3}},"line":47}},"branchMap":{"0":{"loc":{"start":{"line":23,"column":29},"end":{"line":23,"column":84}},"type":"cond-expr","locations":[{"start":{"line":23,"column":58},"end":{"line":23,"column":69}},{"start":{"line":23,"column":72},"end":{"line":23,"column":84}}],"line":23},"1":{"loc":{"start":{"line":41,"column":4},"end":{"line":44,"column":5}},"type":"if","locations":[{"start":{"line":41,"column":4},"end":{"line":44,"column":5}},{"start":{},"end":{}}],"line":41},"2":{"loc":{"start":{"line":49,"column":4},"end":{"line":52,"column":5}},"type":"if","locations":[{"start":{"line":49,"column":4},"end":{"line":52,"column":5}},{"start":{},"end":{}}],"line":49},"3":{"loc":{"start":{"line":50,"column":22},"end":{"line":50,"column":90}},"type":"binary-expr","locations":[{"start":{"line":50,"column":22},"end":{"line":50,"column":51}},{"start":{"line":50,"column":55},"end":{"line":50,"column":90}}],"line":50}},"s":{"0":10,"1":10,"2":10,"3":8,"4":10,"5":10,"6":10,"7":10,"8":10,"9":10,"10":10,"11":10,"12":2,"13":2,"14":2,"15":2,"16":2,"17":2,"18":2},"f":{"0":10,"1":8,"2":10,"3":10,"4":2,"5":2},"b":{"0":[1,9],"1":[2,0],"2":[2,0],"3":[2,0]},"_coverageSchema":"1a1c01bbd47fc00a2c39e90264f33305004495a9","hash":"ec380e8f9716b200a40ebfee0444575c91eb7a34"}
,"C:\\Users\\anvyd\\Desktop\\code\\slider-plugin\\src\\components\\View\\subView\\Thumb\\Thumb.ts": {"path":"C:\\Users\\anvyd\\Desktop\\code\\slider-plugin\\src\\components\\View\\subView\\Thumb\\Thumb.ts","statementMap":{"0":{"start":{"line":16,"column":4},"end":{"line":16,"column":11}},"1":{"start":{"line":17,"column":4},"end":{"line":17,"column":22}},"2":{"start":{"line":18,"column":4},"end":{"line":18,"column":24}},"3":{"start":{"line":19,"column":4},"end":{"line":19,"column":15}},"4":{"start":{"line":23,"column":4},"end":{"line":23,"column":21}},"5":{"start":{"line":27,"column":38},"end":{"line":27,"column":43}},"6":{"start":{"line":28,"column":22},"end":{"line":28,"column":68}},"7":{"start":{"line":30,"column":4},"end":{"line":32,"column":88}},"8":{"start":{"line":36,"column":45},"end":{"line":36,"column":55}},"9":{"start":{"line":37,"column":22},"end":{"line":37,"column":68}},"10":{"start":{"line":38,"column":4},"end":{"line":38,"column":53}},"11":{"start":{"line":40,"column":4},"end":{"line":42,"column":88}},"12":{"start":{"line":44,"column":4},"end":{"line":44,"column":80}},"13":{"start":{"line":45,"column":4},"end":{"line":45,"column":86}},"14":{"start":{"line":46,"column":4},"end":{"line":46,"column":76}},"15":{"start":{"line":47,"column":4},"end":{"line":47,"column":78}},"16":{"start":{"line":51,"column":24},"end":{"line":51,"column":34}},"17":{"start":{"line":53,"column":25},"end":{"line":53,"column":58}},"18":{"start":{"line":54,"column":20},"end":{"line":54,"column":60}},"19":{"start":{"line":56,"column":18},"end":{"line":56,"column":47}},"20":{"start":{"line":57,"column":4},"end":{"line":57,"column":100}},"21":{"start":{"line":58,"column":4},"end":{"line":58,"column":42}},"22":{"start":{"line":59,"column":4},"end":{"line":59,"column":39}},"23":{"start":{"line":61,"column":4},"end":{"line":61,"column":16}},"24":{"start":{"line":65,"column":4},"end":{"line":65,"column":26}},"25":{"start":{"line":67,"column":35},"end":{"line":70,"column":5}},"26":{"start":{"line":68,"column":28},"end":{"line":68,"column":58}},"27":{"start":{"line":69,"column":6},"end":{"line":69,"column":69}},"28":{"start":{"line":72,"column":33},"end":{"line":75,"column":5}},"29":{"start":{"line":73,"column":6},"end":{"line":73,"column":69}},"30":{"start":{"line":74,"column":6},"end":{"line":74,"column":73}},"31":{"start":{"line":77,"column":4},"end":{"line":77,"column":68}},"32":{"start":{"line":78,"column":4},"end":{"line":78,"column":64}},"33":{"start":{"line":80,"column":4},"end":{"line":80,"column":49}},"34":{"start":{"line":80,"column":44},"end":{"line":80,"column":49}},"35":{"start":{"line":83,"column":31},"end":{"line":94,"column":3}},"36":{"start":{"line":84,"column":21},"end":{"line":84,"column":26}},"37":{"start":{"line":85,"column":19},"end":{"line":85,"column":90}},"38":{"start":{"line":87,"column":4},"end":{"line":89,"column":5}},"39":{"start":{"line":88,"column":6},"end":{"line":88,"column":58}},"40":{"start":{"line":91,"column":4},"end":{"line":93,"column":5}},"41":{"start":{"line":92,"column":6},"end":{"line":92,"column":58}},"42":{"start":{"line":97,"column":4},"end":{"line":107,"column":5}},"43":{"start":{"line":98,"column":25},"end":{"line":98,"column":30}},"44":{"start":{"line":101,"column":8},"end":{"line":102,"column":37}},"45":{"start":{"line":104,"column":6},"end":{"line":106,"column":44}}},"fnMap":{"0":{"name":"(anonymous_0)","decl":{"start":{"line":15,"column":2},"end":{"line":15,"column":3}},"loc":{"start":{"line":15,"column":49},"end":{"line":20,"column":3}},"line":15},"1":{"name":"(anonymous_1)","decl":{"start":{"line":22,"column":2},"end":{"line":22,"column":3}},"loc":{"start":{"line":22,"column":36},"end":{"line":24,"column":3}},"line":22},"2":{"name":"(anonymous_2)","decl":{"start":{"line":26,"column":2},"end":{"line":26,"column":3}},"loc":{"start":{"line":26,"column":40},"end":{"line":33,"column":3}},"line":26},"3":{"name":"(anonymous_3)","decl":{"start":{"line":35,"column":2},"end":{"line":35,"column":3}},"loc":{"start":{"line":35,"column":23},"end":{"line":48,"column":3}},"line":35},"4":{"name":"(anonymous_4)","decl":{"start":{"line":50,"column":2},"end":{"line":50,"column":3}},"loc":{"start":{"line":50,"column":78},"end":{"line":62,"column":3}},"line":50},"5":{"name":"(anonymous_5)","decl":{"start":{"line":64,"column":2},"end":{"line":64,"column":3}},"loc":{"start":{"line":64,"column":60},"end":{"line":81,"column":3}},"line":64},"6":{"name":"(anonymous_6)","decl":{"start":{"line":67,"column":35},"end":{"line":67,"column":36}},"loc":{"start":{"line":67,"column":66},"end":{"line":70,"column":5}},"line":67},"7":{"name":"(anonymous_7)","decl":{"start":{"line":72,"column":33},"end":{"line":72,"column":34}},"loc":{"start":{"line":72,"column":45},"end":{"line":75,"column":5}},"line":72},"8":{"name":"(anonymous_8)","decl":{"start":{"line":80,"column":29},"end":{"line":80,"column":30}},"loc":{"start":{"line":80,"column":44},"end":{"line":80,"column":49}},"line":80},"9":{"name":"(anonymous_9)","decl":{"start":{"line":83,"column":31},"end":{"line":83,"column":32}},"loc":{"start":{"line":83,"column":63},"end":{"line":94,"column":3}},"line":83},"10":{"name":"(anonymous_10)","decl":{"start":{"line":96,"column":2},"end":{"line":96,"column":3}},"loc":{"start":{"line":96,"column":70},"end":{"line":108,"column":3}},"line":96}},"branchMap":{"0":{"loc":{"start":{"line":28,"column":22},"end":{"line":28,"column":68}},"type":"cond-expr","locations":[{"start":{"line":28,"column":51},"end":{"line":28,"column":59}},{"start":{"line":28,"column":62},"end":{"line":28,"column":68}}],"line":28},"1":{"loc":{"start":{"line":30,"column":4},"end":{"line":32,"column":88}},"type":"cond-expr","locations":[{"start":{"line":31,"column":8},"end":{"line":31,"column":86}},{"start":{"line":32,"column":8},"end":{"line":32,"column":88}}],"line":30},"2":{"loc":{"start":{"line":37,"column":22},"end":{"line":37,"column":68}},"type":"cond-expr","locations":[{"start":{"line":37,"column":51},"end":{"line":37,"column":59}},{"start":{"line":37,"column":62},"end":{"line":37,"column":68}}],"line":37},"3":{"loc":{"start":{"line":40,"column":4},"end":{"line":42,"column":88}},"type":"cond-expr","locations":[{"start":{"line":41,"column":8},"end":{"line":41,"column":86}},{"start":{"line":42,"column":8},"end":{"line":42,"column":88}}],"line":40},"4":{"loc":{"start":{"line":53,"column":25},"end":{"line":53,"column":58}},"type":"cond-expr","locations":[{"start":{"line":53,"column":35},"end":{"line":53,"column":48}},{"start":{"line":53,"column":51},"end":{"line":53,"column":58}}],"line":53},"5":{"loc":{"start":{"line":54,"column":20},"end":{"line":54,"column":60}},"type":"cond-expr","locations":[{"start":{"line":54,"column":34},"end":{"line":54,"column":45}},{"start":{"line":54,"column":48},"end":{"line":54,"column":60}}],"line":54},"6":{"loc":{"start":{"line":85,"column":19},"end":{"line":85,"column":90}},"type":"cond-expr","locations":[{"start":{"line":85,"column":77},"end":{"line":85,"column":81}},{"start":{"line":85,"column":84},"end":{"line":85,"column":90}}],"line":85},"7":{"loc":{"start":{"line":87,"column":4},"end":{"line":89,"column":5}},"type":"if","locations":[{"start":{"line":87,"column":4},"end":{"line":89,"column":5}},{"start":{},"end":{}}],"line":87},"8":{"loc":{"start":{"line":87,"column":8},"end":{"line":87,"column":51}},"type":"binary-expr","locations":[{"start":{"line":87,"column":8},"end":{"line":87,"column":29}},{"start":{"line":87,"column":33},"end":{"line":87,"column":51}}],"line":87},"9":{"loc":{"start":{"line":91,"column":4},"end":{"line":93,"column":5}},"type":"if","locations":[{"start":{"line":91,"column":4},"end":{"line":93,"column":5}},{"start":{},"end":{}}],"line":91},"10":{"loc":{"start":{"line":91,"column":8},"end":{"line":91,"column":52}},"type":"binary-expr","locations":[{"start":{"line":91,"column":8},"end":{"line":91,"column":28}},{"start":{"line":91,"column":32},"end":{"line":91,"column":52}}],"line":91},"11":{"loc":{"start":{"line":97,"column":4},"end":{"line":107,"column":5}},"type":"if","locations":[{"start":{"line":97,"column":4},"end":{"line":107,"column":5}},{"start":{},"end":{}}],"line":97},"12":{"loc":{"start":{"line":101,"column":8},"end":{"line":102,"column":37}},"type":"binary-expr","locations":[{"start":{"line":101,"column":8},"end":{"line":101,"column":43}},{"start":{"line":102,"column":8},"end":{"line":102,"column":37}}],"line":101},"13":{"loc":{"start":{"line":104,"column":25},"end":{"line":106,"column":44}},"type":"cond-expr","locations":[{"start":{"line":105,"column":10},"end":{"line":105,"column":46}},{"start":{"line":106,"column":10},"end":{"line":106,"column":44}}],"line":104}},"s":{"0":5,"1":5,"2":5,"3":5,"4":5,"5":0,"6":0,"7":0,"8":5,"9":5,"10":5,"11":5,"12":5,"13":5,"14":5,"15":5,"16":5,"17":5,"18":5,"19":5,"20":5,"21":5,"22":5,"23":5,"24":0,"25":0,"26":0,"27":0,"28":0,"29":0,"30":0,"31":0,"32":0,"33":0,"34":0,"35":5,"36":0,"37":0,"38":0,"39":0,"40":0,"41":0,"42":0,"43":0,"44":0,"45":0},"f":{"0":5,"1":5,"2":0,"3":5,"4":5,"5":0,"6":0,"7":0,"8":0,"9":0,"10":0},"b":{"0":[0,0],"1":[0,0],"2":[0,5],"3":[1,4],"4":[2,3],"5":[1,4],"6":[0,0],"7":[0,0],"8":[0,0],"9":[0,0],"10":[0,0],"11":[0,0],"12":[0,0],"13":[0,0]},"_coverageSchema":"1a1c01bbd47fc00a2c39e90264f33305004495a9","hash":"ff896f4fad852b08477bda743eb657762e752d3f"}
,"C:\\Users\\anvyd\\Desktop\\code\\slider-plugin\\src\\components\\View\\subView\\Tooltip\\Tooltip.ts": {"path":"C:\\Users\\anvyd\\Desktop\\code\\slider-plugin\\src\\components\\View\\subView\\Tooltip\\Tooltip.ts","statementMap":{"0":{"start":{"line":8,"column":4},"end":{"line":8,"column":22}}},"fnMap":{"0":{"name":"(anonymous_0)","decl":{"start":{"line":7,"column":2},"end":{"line":7,"column":3}},"loc":{"start":{"line":7,"column":32},"end":{"line":9,"column":3}},"line":7}},"branchMap":{},"s":{"0":5},"f":{"0":5},"b":{},"_coverageSchema":"1a1c01bbd47fc00a2c39e90264f33305004495a9","hash":"c38a195e7c0dd0226dcd4e6ee015ae549752ec0a"}
,"C:\\Users\\anvyd\\Desktop\\code\\slider-plugin\\src\\utils\\utils.ts": {"path":"C:\\Users\\anvyd\\Desktop\\code\\slider-plugin\\src\\utils\\utils.ts","statementMap":{"0":{"start":{"line":3,"column":31},"end":{"line":3,"column":91}},"1":{"start":{"line":3,"column":56},"end":{"line":3,"column":91}},"2":{"start":{"line":5,"column":25},"end":{"line":10,"column":1}},"3":{"start":{"line":6,"column":23},"end":{"line":6,"column":41}},"4":{"start":{"line":7,"column":24},"end":{"line":7,"column":42}},"5":{"start":{"line":9,"column":2},"end":{"line":9,"column":22}},"6":{"start":{"line":12,"column":35},"end":{"line":22,"column":1}},"7":{"start":{"line":13,"column":29},"end":{"line":13,"column":34}},"8":{"start":{"line":14,"column":24},"end":{"line":14,"column":56}},"9":{"start":{"line":16,"column":16},"end":{"line":16,"column":54}},"10":{"start":{"line":18,"column":2},"end":{"line":18,"column":34}},"11":{"start":{"line":18,"column":21},"end":{"line":18,"column":34}},"12":{"start":{"line":19,"column":2},"end":{"line":19,"column":30}},"13":{"start":{"line":19,"column":19},"end":{"line":19,"column":30}},"14":{"start":{"line":21,"column":2},"end":{"line":21,"column":16}},"15":{"start":{"line":24,"column":36},"end":{"line":32,"column":1}},"16":{"start":{"line":25,"column":29},"end":{"line":25,"column":34}},"17":{"start":{"line":26,"column":24},"end":{"line":26,"column":56}},"18":{"start":{"line":28,"column":25},"end":{"line":28,"column":74}},"19":{"start":{"line":29,"column":24},"end":{"line":29,"column":44}},"20":{"start":{"line":31,"column":2},"end":{"line":31,"column":22}},"21":{"start":{"line":34,"column":20},"end":{"line":46,"column":1}},"22":{"start":{"line":35,"column":26},"end":{"line":35,"column":31}},"23":{"start":{"line":36,"column":16},"end":{"line":36,"column":59}},"24":{"start":{"line":38,"column":42},"end":{"line":38,"column":81}},"25":{"start":{"line":39,"column":31},"end":{"line":39,"column":51}},"26":{"start":{"line":41,"column":2},"end":{"line":43,"column":3}},"27":{"start":{"line":42,"column":4},"end":{"line":42,"column":44}},"28":{"start":{"line":45,"column":2},"end":{"line":45,"column":45}},"29":{"start":{"line":48,"column":22},"end":{"line":55,"column":1}},"30":{"start":{"line":49,"column":31},"end":{"line":49,"column":36}},"31":{"start":{"line":51,"column":2},"end":{"line":54,"column":3}},"32":{"start":{"line":57,"column":25},"end":{"line":71,"column":1}},"33":{"start":{"line":63,"column":6},"end":{"line":63,"column":34}},"34":{"start":{"line":65,"column":2},"end":{"line":70,"column":3}}},"fnMap":{"0":{"name":"(anonymous_0)","decl":{"start":{"line":3,"column":31},"end":{"line":3,"column":32}},"loc":{"start":{"line":3,"column":56},"end":{"line":3,"column":91}},"line":3},"1":{"name":"(anonymous_1)","decl":{"start":{"line":5,"column":25},"end":{"line":5,"column":26}},"loc":{"start":{"line":5,"column":77},"end":{"line":10,"column":1}},"line":5},"2":{"name":"(anonymous_2)","decl":{"start":{"line":12,"column":35},"end":{"line":12,"column":36}},"loc":{"start":{"line":12,"column":104},"end":{"line":22,"column":1}},"line":12},"3":{"name":"(anonymous_3)","decl":{"start":{"line":24,"column":36},"end":{"line":24,"column":37}},"loc":{"start":{"line":24,"column":114},"end":{"line":32,"column":1}},"line":24},"4":{"name":"(anonymous_4)","decl":{"start":{"line":34,"column":20},"end":{"line":34,"column":21}},"loc":{"start":{"line":34,"column":71},"end":{"line":46,"column":1}},"line":34},"5":{"name":"(anonymous_5)","decl":{"start":{"line":48,"column":22},"end":{"line":48,"column":23}},"loc":{"start":{"line":48,"column":59},"end":{"line":55,"column":1}},"line":48},"6":{"name":"(anonymous_6)","decl":{"start":{"line":57,"column":25},"end":{"line":57,"column":26}},"loc":{"start":{"line":57,"column":59},"end":{"line":71,"column":1}},"line":57}},"branchMap":{"0":{"loc":{"start":{"line":18,"column":2},"end":{"line":18,"column":34}},"type":"if","locations":[{"start":{"line":18,"column":2},"end":{"line":18,"column":34}},{"start":{},"end":{}}],"line":18},"1":{"loc":{"start":{"line":19,"column":2},"end":{"line":19,"column":30}},"type":"if","locations":[{"start":{"line":19,"column":2},"end":{"line":19,"column":30}},{"start":{},"end":{}}],"line":19},"2":{"loc":{"start":{"line":41,"column":2},"end":{"line":43,"column":3}},"type":"if","locations":[{"start":{"line":41,"column":2},"end":{"line":43,"column":3}},{"start":{},"end":{}}],"line":41}},"s":{"0":3,"1":21,"2":3,"3":39,"4":39,"5":39,"6":3,"7":36,"8":36,"9":36,"10":36,"11":1,"12":36,"13":1,"14":36,"15":3,"16":1,"17":1,"18":1,"19":1,"20":1,"21":3,"22":2,"23":2,"24":2,"25":2,"26":2,"27":1,"28":1,"29":3,"30":4,"31":4,"32":3,"33":6,"34":6},"f":{"0":21,"1":39,"2":36,"3":1,"4":2,"5":4,"6":6},"b":{"0":[1,35],"1":[1,35],"2":[1,1]},"_coverageSchema":"1a1c01bbd47fc00a2c39e90264f33305004495a9","hash":"eec95b675bac4d1c8d79b8df5134c956e42f34c2"}
}
