{"C:\\Users\\anvyd\\Desktop\\code\\slider-plugin\\src\\defaultState.ts": {"path":"C:\\Users\\anvyd\\Desktop\\code\\slider-plugin\\src\\defaultState.ts","statementMap":{"0":{"start":{"line":3,"column":32},"end":{"line":15,"column":1}}},"fnMap":{},"branchMap":{},"s":{"0":2},"f":{},"b":{},"_coverageSchema":"1a1c01bbd47fc00a2c39e90264f33305004495a9","hash":"dbea31e440f432e6ffcc3986eadd03995258d48b"}
,"C:\\Users\\anvyd\\Desktop\\code\\slider-plugin\\src\\components\\Model\\Model.ts": {"path":"C:\\Users\\anvyd\\Desktop\\code\\slider-plugin\\src\\components\\Model\\Model.ts","statementMap":{"0":{"start":{"line":9,"column":29},"end":{"line":9,"column":41}},"1":{"start":{"line":13,"column":4},"end":{"line":13,"column":11}},"2":{"start":{"line":14,"column":4},"end":{"line":14,"column":38}},"3":{"start":{"line":15,"column":4},"end":{"line":15,"column":24}},"4":{"start":{"line":19,"column":21},"end":{"line":19,"column":76}},"5":{"start":{"line":20,"column":4},"end":{"line":20,"column":32}},"6":{"start":{"line":21,"column":4},"end":{"line":21,"column":52}},"7":{"start":{"line":25,"column":4},"end":{"line":25,"column":21}},"8":{"start":{"line":29,"column":21},"end":{"line":29,"column":56}},"9":{"start":{"line":30,"column":4},"end":{"line":30,"column":75}},"10":{"start":{"line":31,"column":4},"end":{"line":31,"column":52}},"11":{"start":{"line":35,"column":4},"end":{"line":35,"column":29}},"12":{"start":{"line":39,"column":27},"end":{"line":39,"column":63}},"13":{"start":{"line":40,"column":21},"end":{"line":40,"column":65}},"14":{"start":{"line":41,"column":4},"end":{"line":41,"column":75}},"15":{"start":{"line":42,"column":4},"end":{"line":42,"column":52}},"16":{"start":{"line":46,"column":27},"end":{"line":46,"column":63}},"17":{"start":{"line":47,"column":21},"end":{"line":47,"column":65}},"18":{"start":{"line":48,"column":4},"end":{"line":48,"column":75}},"19":{"start":{"line":49,"column":4},"end":{"line":49,"column":52}},"20":{"start":{"line":53,"column":26},"end":{"line":53,"column":72}},"21":{"start":{"line":54,"column":4},"end":{"line":54,"column":40}},"22":{"start":{"line":58,"column":34},"end":{"line":58,"column":44}},"23":{"start":{"line":60,"column":4},"end":{"line":65,"column":5}},"24":{"start":{"line":61,"column":28},"end":{"line":61,"column":81}},"25":{"start":{"line":62,"column":19},"end":{"line":62,"column":34}},"26":{"start":{"line":63,"column":24},"end":{"line":63,"column":44}},"27":{"start":{"line":64,"column":6},"end":{"line":64,"column":46}},"28":{"start":{"line":67,"column":4},"end":{"line":67,"column":17}},"29":{"start":{"line":71,"column":23},"end":{"line":71,"column":40}},"30":{"start":{"line":72,"column":31},"end":{"line":72,"column":56}},"31":{"start":{"line":74,"column":38},"end":{"line":74,"column":99}},"32":{"start":{"line":75,"column":27},"end":{"line":75,"column":64}},"33":{"start":{"line":76,"column":29},"end":{"line":76,"column":91}},"34":{"start":{"line":78,"column":4},"end":{"line":78,"column":95}},"35":{"start":{"line":78,"column":35},"end":{"line":78,"column":95}},"36":{"start":{"line":79,"column":4},"end":{"line":79,"column":80}},"37":{"start":{"line":79,"column":24},"end":{"line":79,"column":80}},"38":{"start":{"line":80,"column":4},"end":{"line":80,"column":76}},"39":{"start":{"line":80,"column":26},"end":{"line":80,"column":76}},"40":{"start":{"line":82,"column":4},"end":{"line":82,"column":21}}},"fnMap":{"0":{"name":"(anonymous_0)","decl":{"start":{"line":12,"column":2},"end":{"line":12,"column":3}},"loc":{"start":{"line":12,"column":32},"end":{"line":16,"column":3}},"line":12},"1":{"name":"(anonymous_1)","decl":{"start":{"line":18,"column":2},"end":{"line":18,"column":3}},"loc":{"start":{"line":18,"column":42},"end":{"line":22,"column":3}},"line":18},"2":{"name":"(anonymous_2)","decl":{"start":{"line":24,"column":2},"end":{"line":24,"column":3}},"loc":{"start":{"line":24,"column":31},"end":{"line":26,"column":3}},"line":24},"3":{"name":"(anonymous_3)","decl":{"start":{"line":28,"column":2},"end":{"line":28,"column":3}},"loc":{"start":{"line":28,"column":60},"end":{"line":32,"column":3}},"line":28},"4":{"name":"(anonymous_4)","decl":{"start":{"line":34,"column":2},"end":{"line":34,"column":3}},"loc":{"start":{"line":34,"column":47},"end":{"line":36,"column":3}},"line":34},"5":{"name":"(anonymous_5)","decl":{"start":{"line":38,"column":2},"end":{"line":38,"column":3}},"loc":{"start":{"line":38,"column":55},"end":{"line":43,"column":3}},"line":38},"6":{"name":"(anonymous_6)","decl":{"start":{"line":45,"column":2},"end":{"line":45,"column":3}},"loc":{"start":{"line":45,"column":55},"end":{"line":50,"column":3}},"line":45},"7":{"name":"(anonymous_7)","decl":{"start":{"line":52,"column":2},"end":{"line":52,"column":3}},"loc":{"start":{"line":52,"column":66},"end":{"line":55,"column":3}},"line":52},"8":{"name":"(anonymous_8)","decl":{"start":{"line":57,"column":2},"end":{"line":57,"column":3}},"loc":{"start":{"line":57,"column":60},"end":{"line":68,"column":3}},"line":57},"9":{"name":"(anonymous_9)","decl":{"start":{"line":70,"column":2},"end":{"line":70,"column":3}},"loc":{"start":{"line":70,"column":111},"end":{"line":83,"column":3}},"line":70}},"branchMap":{"0":{"loc":{"start":{"line":60,"column":4},"end":{"line":65,"column":5}},"type":"if","locations":[{"start":{"line":60,"column":4},"end":{"line":65,"column":5}},{"start":{},"end":{}}],"line":60},"1":{"loc":{"start":{"line":64,"column":13},"end":{"line":64,"column":46}},"type":"cond-expr","locations":[{"start":{"line":64,"column":33},"end":{"line":64,"column":37}},{"start":{"line":64,"column":40},"end":{"line":64,"column":46}}],"line":64},"2":{"loc":{"start":{"line":74,"column":38},"end":{"line":74,"column":99}},"type":"binary-expr","locations":[{"start":{"line":74,"column":38},"end":{"line":74,"column":55}},{"start":{"line":74,"column":59},"end":{"line":74,"column":77}},{"start":{"line":74,"column":81},"end":{"line":74,"column":99}}],"line":74},"3":{"loc":{"start":{"line":75,"column":27},"end":{"line":75,"column":64}},"type":"binary-expr","locations":[{"start":{"line":75,"column":27},"end":{"line":75,"column":42}},{"start":{"line":75,"column":46},"end":{"line":75,"column":64}}],"line":75},"4":{"loc":{"start":{"line":76,"column":29},"end":{"line":76,"column":91}},"type":"binary-expr","locations":[{"start":{"line":76,"column":29},"end":{"line":76,"column":46}},{"start":{"line":76,"column":50},"end":{"line":76,"column":68}},{"start":{"line":76,"column":72},"end":{"line":76,"column":91}}],"line":76},"5":{"loc":{"start":{"line":78,"column":4},"end":{"line":78,"column":95}},"type":"if","locations":[{"start":{"line":78,"column":4},"end":{"line":78,"column":95}},{"start":{},"end":{}}],"line":78},"6":{"loc":{"start":{"line":79,"column":4},"end":{"line":79,"column":80}},"type":"if","locations":[{"start":{"line":79,"column":4},"end":{"line":79,"column":80}},{"start":{},"end":{}}],"line":79},"7":{"loc":{"start":{"line":80,"column":4},"end":{"line":80,"column":76}},"type":"if","locations":[{"start":{"line":80,"column":4},"end":{"line":80,"column":76}},{"start":{},"end":{}}],"line":80}},"s":{"0":0,"1":0,"2":0,"3":0,"4":0,"5":0,"6":0,"7":0,"8":0,"9":0,"10":0,"11":0,"12":0,"13":0,"14":0,"15":0,"16":0,"17":0,"18":0,"19":0,"20":0,"21":0,"22":0,"23":0,"24":0,"25":0,"26":0,"27":0,"28":0,"29":0,"30":0,"31":0,"32":0,"33":0,"34":0,"35":0,"36":0,"37":0,"38":0,"39":0,"40":0},"f":{"0":0,"1":0,"2":0,"3":0,"4":0,"5":0,"6":0,"7":0,"8":0,"9":0},"b":{"0":[0,0],"1":[0,0],"2":[0,0,0],"3":[0,0],"4":[0,0,0],"5":[0,0],"6":[0,0],"7":[0,0]}}
,"C:\\Users\\anvyd\\Desktop\\code\\slider-plugin\\src\\components\\Model\\Validation.ts": {"path":"C:\\Users\\anvyd\\Desktop\\code\\slider-plugin\\src\\components\\Model\\Validation.ts","statementMap":{"0":{"start":{"line":20,"column":8},"end":{"line":20,"column":13}},"1":{"start":{"line":22,"column":4},"end":{"line":22,"column":18}},"2":{"start":{"line":23,"column":4},"end":{"line":23,"column":18}},"3":{"start":{"line":24,"column":4},"end":{"line":24,"column":20}},"4":{"start":{"line":25,"column":4},"end":{"line":25,"column":20}},"5":{"start":{"line":26,"column":4},"end":{"line":26,"column":16}},"6":{"start":{"line":28,"column":4},"end":{"line":28,"column":40}},"7":{"start":{"line":29,"column":4},"end":{"line":29,"column":56}},"8":{"start":{"line":31,"column":4},"end":{"line":37,"column":5}},"9":{"start":{"line":32,"column":6},"end":{"line":32,"column":47}},"10":{"start":{"line":33,"column":6},"end":{"line":33,"column":53}},"11":{"start":{"line":34,"column":6},"end":{"line":34,"column":47}},"12":{"start":{"line":36,"column":6},"end":{"line":36,"column":43}},"13":{"start":{"line":39,"column":34},"end":{"line":46,"column":5}},"14":{"start":{"line":47,"column":4},"end":{"line":47,"column":21}},"15":{"start":{"line":51,"column":31},"end":{"line":51,"column":40}},"16":{"start":{"line":52,"column":30},"end":{"line":52,"column":46}},"17":{"start":{"line":54,"column":4},"end":{"line":54,"column":48}},"18":{"start":{"line":54,"column":24},"end":{"line":54,"column":48}},"19":{"start":{"line":55,"column":4},"end":{"line":55,"column":49}},"20":{"start":{"line":55,"column":32},"end":{"line":55,"column":49}},"21":{"start":{"line":57,"column":4},"end":{"line":57,"column":20}},"22":{"start":{"line":61,"column":19},"end":{"line":61,"column":34}},"23":{"start":{"line":62,"column":19},"end":{"line":62,"column":34}},"24":{"start":{"line":64,"column":4},"end":{"line":68,"column":5}},"25":{"start":{"line":65,"column":19},"end":{"line":65,"column":27}},"26":{"start":{"line":66,"column":6},"end":{"line":66,"column":25}},"27":{"start":{"line":67,"column":6},"end":{"line":67,"column":21}},"28":{"start":{"line":70,"column":4},"end":{"line":70,"column":23}},"29":{"start":{"line":71,"column":4},"end":{"line":71,"column":23}},"30":{"start":{"line":75,"column":21},"end":{"line":79,"column":13}},"31":{"start":{"line":81,"column":4},"end":{"line":85,"column":18}},"32":{"start":{"line":87,"column":4},"end":{"line":87,"column":21}},"33":{"start":{"line":91,"column":4},"end":{"line":91,"column":41}},"34":{"start":{"line":91,"column":26},"end":{"line":91,"column":41}},"35":{"start":{"line":92,"column":4},"end":{"line":92,"column":16}},"36":{"start":{"line":96,"column":4},"end":{"line":96,"column":45}},"37":{"start":{"line":96,"column":28},"end":{"line":96,"column":45}},"38":{"start":{"line":97,"column":4},"end":{"line":97,"column":16}},"39":{"start":{"line":101,"column":22},"end":{"line":101,"column":38}},"40":{"start":{"line":102,"column":20},"end":{"line":102,"column":34}},"41":{"start":{"line":104,"column":20},"end":{"line":104,"column":54}},"42":{"start":{"line":105,"column":18},"end":{"line":105,"column":50}},"43":{"start":{"line":107,"column":4},"end":{"line":111,"column":5}},"44":{"start":{"line":108,"column":19},"end":{"line":108,"column":28}},"45":{"start":{"line":109,"column":6},"end":{"line":109,"column":25}},"46":{"start":{"line":110,"column":6},"end":{"line":110,"column":20}},"47":{"start":{"line":113,"column":4},"end":{"line":113,"column":51}},"48":{"start":{"line":113,"column":31},"end":{"line":113,"column":51}},"49":{"start":{"line":114,"column":4},"end":{"line":114,"column":47}},"50":{"start":{"line":114,"column":29},"end":{"line":114,"column":47}},"51":{"start":{"line":116,"column":4},"end":{"line":116,"column":25}},"52":{"start":{"line":117,"column":4},"end":{"line":117,"column":21}},"53":{"start":{"line":121,"column":22},"end":{"line":121,"column":38}},"54":{"start":{"line":122,"column":22},"end":{"line":122,"column":56}},"55":{"start":{"line":123,"column":4},"end":{"line":123,"column":45}},"56":{"start":{"line":123,"column":30},"end":{"line":123,"column":45}},"57":{"start":{"line":124,"column":4},"end":{"line":124,"column":45}},"58":{"start":{"line":124,"column":30},"end":{"line":124,"column":45}},"59":{"start":{"line":125,"column":4},"end":{"line":125,"column":20}},"60":{"start":{"line":129,"column":20},"end":{"line":129,"column":34}},"61":{"start":{"line":130,"column":4},"end":{"line":130,"column":43}},"62":{"start":{"line":130,"column":28},"end":{"line":130,"column":43}},"63":{"start":{"line":131,"column":4},"end":{"line":131,"column":43}},"64":{"start":{"line":131,"column":28},"end":{"line":131,"column":43}},"65":{"start":{"line":132,"column":4},"end":{"line":132,"column":18}}},"fnMap":{"0":{"name":"(anonymous_0)","decl":{"start":{"line":12,"column":2},"end":{"line":12,"column":3}},"loc":{"start":{"line":12,"column":49},"end":{"line":48,"column":3}},"line":12},"1":{"name":"(anonymous_1)","decl":{"start":{"line":50,"column":2},"end":{"line":50,"column":3}},"loc":{"start":{"line":50,"column":67},"end":{"line":58,"column":3}},"line":50},"2":{"name":"(anonymous_2)","decl":{"start":{"line":60,"column":2},"end":{"line":60,"column":3}},"loc":{"start":{"line":60,"column":53},"end":{"line":72,"column":3}},"line":60},"3":{"name":"(anonymous_3)","decl":{"start":{"line":74,"column":2},"end":{"line":74,"column":3}},"loc":{"start":{"line":74,"column":51},"end":{"line":88,"column":3}},"line":74},"4":{"name":"(anonymous_4)","decl":{"start":{"line":90,"column":2},"end":{"line":90,"column":3}},"loc":{"start":{"line":90,"column":52},"end":{"line":93,"column":3}},"line":90},"5":{"name":"(anonymous_5)","decl":{"start":{"line":95,"column":2},"end":{"line":95,"column":3}},"loc":{"start":{"line":95,"column":50},"end":{"line":98,"column":3}},"line":95},"6":{"name":"(anonymous_6)","decl":{"start":{"line":100,"column":2},"end":{"line":100,"column":3}},"loc":{"start":{"line":100,"column":58},"end":{"line":118,"column":3}},"line":100},"7":{"name":"(anonymous_7)","decl":{"start":{"line":120,"column":2},"end":{"line":120,"column":3}},"loc":{"start":{"line":120,"column":41},"end":{"line":126,"column":3}},"line":120},"8":{"name":"(anonymous_8)","decl":{"start":{"line":128,"column":2},"end":{"line":128,"column":3}},"loc":{"start":{"line":128,"column":37},"end":{"line":133,"column":3}},"line":128}},"branchMap":{"0":{"loc":{"start":{"line":31,"column":4},"end":{"line":37,"column":5}},"type":"if","locations":[{"start":{"line":31,"column":4},"end":{"line":37,"column":5}},{"start":{"line":35,"column":11},"end":{"line":37,"column":5}}],"line":31},"1":{"loc":{"start":{"line":54,"column":4},"end":{"line":54,"column":48}},"type":"if","locations":[{"start":{"line":54,"column":4},"end":{"line":54,"column":48}},{"start":{},"end":{}}],"line":54},"2":{"loc":{"start":{"line":55,"column":4},"end":{"line":55,"column":49}},"type":"if","locations":[{"start":{"line":55,"column":4},"end":{"line":55,"column":49}},{"start":{},"end":{}}],"line":55},"3":{"loc":{"start":{"line":64,"column":4},"end":{"line":68,"column":5}},"type":"if","locations":[{"start":{"line":64,"column":4},"end":{"line":68,"column":5}},{"start":{},"end":{}}],"line":64},"4":{"loc":{"start":{"line":91,"column":4},"end":{"line":91,"column":41}},"type":"if","locations":[{"start":{"line":91,"column":4},"end":{"line":91,"column":41}},{"start":{},"end":{}}],"line":91},"5":{"loc":{"start":{"line":96,"column":4},"end":{"line":96,"column":45}},"type":"if","locations":[{"start":{"line":96,"column":4},"end":{"line":96,"column":45}},{"start":{},"end":{}}],"line":96},"6":{"loc":{"start":{"line":107,"column":4},"end":{"line":111,"column":5}},"type":"if","locations":[{"start":{"line":107,"column":4},"end":{"line":111,"column":5}},{"start":{},"end":{}}],"line":107},"7":{"loc":{"start":{"line":113,"column":4},"end":{"line":113,"column":51}},"type":"if","locations":[{"start":{"line":113,"column":4},"end":{"line":113,"column":51}},{"start":{},"end":{}}],"line":113},"8":{"loc":{"start":{"line":114,"column":4},"end":{"line":114,"column":47}},"type":"if","locations":[{"start":{"line":114,"column":4},"end":{"line":114,"column":47}},{"start":{},"end":{}}],"line":114},"9":{"loc":{"start":{"line":123,"column":4},"end":{"line":123,"column":45}},"type":"if","locations":[{"start":{"line":123,"column":4},"end":{"line":123,"column":45}},{"start":{},"end":{}}],"line":123},"10":{"loc":{"start":{"line":124,"column":4},"end":{"line":124,"column":45}},"type":"if","locations":[{"start":{"line":124,"column":4},"end":{"line":124,"column":45}},{"start":{},"end":{}}],"line":124},"11":{"loc":{"start":{"line":130,"column":4},"end":{"line":130,"column":43}},"type":"if","locations":[{"start":{"line":130,"column":4},"end":{"line":130,"column":43}},{"start":{},"end":{}}],"line":130},"12":{"loc":{"start":{"line":131,"column":4},"end":{"line":131,"column":43}},"type":"if","locations":[{"start":{"line":131,"column":4},"end":{"line":131,"column":43}},{"start":{},"end":{}}],"line":131}},"s":{"0":0,"1":0,"2":0,"3":0,"4":0,"5":0,"6":0,"7":0,"8":0,"9":0,"10":0,"11":0,"12":0,"13":0,"14":0,"15":0,"16":0,"17":0,"18":0,"19":0,"20":0,"21":0,"22":0,"23":0,"24":0,"25":0,"26":0,"27":0,"28":0,"29":0,"30":0,"31":0,"32":0,"33":0,"34":0,"35":0,"36":0,"37":0,"38":0,"39":0,"40":0,"41":0,"42":0,"43":0,"44":0,"45":0,"46":0,"47":0,"48":0,"49":0,"50":0,"51":0,"52":0,"53":0,"54":0,"55":0,"56":0,"57":0,"58":0,"59":0,"60":0,"61":0,"62":0,"63":0,"64":0,"65":0},"f":{"0":0,"1":0,"2":0,"3":0,"4":0,"5":0,"6":0,"7":0,"8":0},"b":{"0":[0,0],"1":[0,0],"2":[0,0],"3":[0,0],"4":[0,0],"5":[0,0],"6":[0,0],"7":[0,0],"8":[0,0],"9":[0,0],"10":[0,0],"11":[0,0],"12":[0,0]}}
,"C:\\Users\\anvyd\\Desktop\\code\\slider-plugin\\src\\components\\Observer\\Observer.ts": {"path":"C:\\Users\\anvyd\\Desktop\\code\\slider-plugin\\src\\components\\Observer\\Observer.ts","statementMap":{"0":{"start":{"line":11,"column":53},"end":{"line":11,"column":55}},"1":{"start":{"line":14,"column":39},"end":{"line":14,"column":66}},"2":{"start":{"line":15,"column":4},"end":{"line":15,"column":57}},"3":{"start":{"line":19,"column":4},"end":{"line":19,"column":67}},"4":{"start":{"line":19,"column":49},"end":{"line":19,"column":66}}},"fnMap":{"0":{"name":"(anonymous_0)","decl":{"start":{"line":13,"column":2},"end":{"line":13,"column":3}},"loc":{"start":{"line":13,"column":60},"end":{"line":16,"column":3}},"line":13},"1":{"name":"(anonymous_1)","decl":{"start":{"line":18,"column":2},"end":{"line":18,"column":3}},"loc":{"start":{"line":18,"column":87},"end":{"line":20,"column":3}},"line":18},"2":{"name":"(anonymous_2)","decl":{"start":{"line":19,"column":35},"end":{"line":19,"column":36}},"loc":{"start":{"line":19,"column":49},"end":{"line":19,"column":66}},"line":19}},"branchMap":{"0":{"loc":{"start":{"line":14,"column":39},"end":{"line":14,"column":66}},"type":"binary-expr","locations":[{"start":{"line":14,"column":39},"end":{"line":14,"column":60}},{"start":{"line":14,"column":64},"end":{"line":14,"column":66}}],"line":14}},"s":{"0":3,"1":0,"2":0,"3":1,"4":0},"f":{"0":0,"1":1,"2":0},"b":{"0":[0,0]},"_coverageSchema":"1a1c01bbd47fc00a2c39e90264f33305004495a9","hash":"d086e4cb5cbd02fa4b1ce845e6718a1927c17014"}
,"C:\\Users\\anvyd\\Desktop\\code\\slider-plugin\\src\\components\\View\\View.ts": {"path":"C:\\Users\\anvyd\\Desktop\\code\\slider-plugin\\src\\components\\View\\View.ts","statementMap":{"0":{"start":{"line":12,"column":4},"end":{"line":12,"column":11}},"1":{"start":{"line":13,"column":4},"end":{"line":13,"column":22}},"2":{"start":{"line":14,"column":4},"end":{"line":14,"column":20}},"3":{"start":{"line":15,"column":4},"end":{"line":15,"column":20}},"4":{"start":{"line":19,"column":19},"end":{"line":19,"column":47}},"5":{"start":{"line":21,"column":4},"end":{"line":21,"column":50}},"6":{"start":{"line":22,"column":4},"end":{"line":22,"column":21}},"7":{"start":{"line":26,"column":4},"end":{"line":26,"column":44}},"8":{"start":{"line":27,"column":4},"end":{"line":27,"column":50}},"9":{"start":{"line":28,"column":4},"end":{"line":28,"column":44}},"10":{"start":{"line":36,"column":4},"end":{"line":36,"column":25}},"11":{"start":{"line":37,"column":4},"end":{"line":37,"column":27}},"12":{"start":{"line":38,"column":4},"end":{"line":38,"column":26}},"13":{"start":{"line":42,"column":22},"end":{"line":42,"column":43}},"14":{"start":{"line":43,"column":4},"end":{"line":45,"column":6}},"15":{"start":{"line":44,"column":6},"end":{"line":44,"column":55}},"16":{"start":{"line":49,"column":24},"end":{"line":49,"column":34}},"17":{"start":{"line":50,"column":33},"end":{"line":50,"column":54}},"18":{"start":{"line":51,"column":21},"end":{"line":51,"column":35}},"19":{"start":{"line":52,"column":27},"end":{"line":52,"column":47}},"20":{"start":{"line":54,"column":4},"end":{"line":58,"column":6}},"21":{"start":{"line":55,"column":6},"end":{"line":55,"column":33}},"22":{"start":{"line":56,"column":6},"end":{"line":56,"column":39}},"23":{"start":{"line":57,"column":6},"end":{"line":57,"column":53}},"24":{"start":{"line":60,"column":4},"end":{"line":62,"column":6}},"25":{"start":{"line":61,"column":6},"end":{"line":61,"column":55}},"26":{"start":{"line":64,"column":4},"end":{"line":66,"column":6}},"27":{"start":{"line":65,"column":6},"end":{"line":65,"column":55}},"28":{"start":{"line":68,"column":4},"end":{"line":82,"column":5}},"29":{"start":{"line":69,"column":6},"end":{"line":73,"column":8}},"30":{"start":{"line":70,"column":8},"end":{"line":70,"column":41}},"31":{"start":{"line":71,"column":8},"end":{"line":71,"column":35}},"32":{"start":{"line":72,"column":8},"end":{"line":72,"column":53}},"33":{"start":{"line":75,"column":6},"end":{"line":77,"column":8}},"34":{"start":{"line":76,"column":8},"end":{"line":76,"column":57}},"35":{"start":{"line":79,"column":6},"end":{"line":81,"column":8}},"36":{"start":{"line":80,"column":8},"end":{"line":80,"column":57}},"37":{"start":{"line":87,"column":23},"end":{"line":87,"column":44}},"38":{"start":{"line":88,"column":4},"end":{"line":90,"column":6}},"39":{"start":{"line":89,"column":6},"end":{"line":89,"column":55}}},"fnMap":{"0":{"name":"(anonymous_0)","decl":{"start":{"line":11,"column":2},"end":{"line":11,"column":3}},"loc":{"start":{"line":11,"column":51},"end":{"line":16,"column":3}},"line":11},"1":{"name":"(anonymous_1)","decl":{"start":{"line":18,"column":2},"end":{"line":18,"column":3}},"loc":{"start":{"line":18,"column":38},"end":{"line":23,"column":3}},"line":18},"2":{"name":"(anonymous_2)","decl":{"start":{"line":25,"column":2},"end":{"line":25,"column":3}},"loc":{"start":{"line":25,"column":34},"end":{"line":33,"column":3}},"line":25},"3":{"name":"(anonymous_3)","decl":{"start":{"line":35,"column":2},"end":{"line":35,"column":3}},"loc":{"start":{"line":35,"column":29},"end":{"line":39,"column":3}},"line":35},"4":{"name":"(anonymous_4)","decl":{"start":{"line":41,"column":2},"end":{"line":41,"column":3}},"loc":{"start":{"line":41,"column":34},"end":{"line":46,"column":3}},"line":41},"5":{"name":"(anonymous_5)","decl":{"start":{"line":43,"column":53},"end":{"line":43,"column":54}},"loc":{"start":{"line":43,"column":79},"end":{"line":45,"column":5}},"line":43},"6":{"name":"(anonymous_6)","decl":{"start":{"line":48,"column":2},"end":{"line":48,"column":3}},"loc":{"start":{"line":48,"column":33},"end":{"line":84,"column":3}},"line":48},"7":{"name":"(anonymous_7)","decl":{"start":{"line":54,"column":55},"end":{"line":54,"column":56}},"loc":{"start":{"line":54,"column":74},"end":{"line":58,"column":5}},"line":54},"8":{"name":"(anonymous_8)","decl":{"start":{"line":60,"column":52},"end":{"line":60,"column":53}},"loc":{"start":{"line":60,"column":85},"end":{"line":62,"column":5}},"line":60},"9":{"name":"(anonymous_9)","decl":{"start":{"line":64,"column":52},"end":{"line":64,"column":53}},"loc":{"start":{"line":64,"column":85},"end":{"line":66,"column":5}},"line":64},"10":{"name":"(anonymous_10)","decl":{"start":{"line":69,"column":61},"end":{"line":69,"column":62}},"loc":{"start":{"line":69,"column":80},"end":{"line":73,"column":7}},"line":69},"11":{"name":"(anonymous_11)","decl":{"start":{"line":75,"column":60},"end":{"line":75,"column":61}},"loc":{"start":{"line":75,"column":93},"end":{"line":77,"column":7}},"line":75},"12":{"name":"(anonymous_12)","decl":{"start":{"line":79,"column":60},"end":{"line":79,"column":61}},"loc":{"start":{"line":79,"column":93},"end":{"line":81,"column":7}},"line":79},"13":{"name":"(anonymous_13)","decl":{"start":{"line":86,"column":2},"end":{"line":86,"column":3}},"loc":{"start":{"line":86,"column":35},"end":{"line":91,"column":3}},"line":86},"14":{"name":"(anonymous_14)","decl":{"start":{"line":88,"column":55},"end":{"line":88,"column":56}},"loc":{"start":{"line":88,"column":81},"end":{"line":90,"column":5}},"line":88}},"branchMap":{"0":{"loc":{"start":{"line":68,"column":4},"end":{"line":82,"column":5}},"type":"if","locations":[{"start":{"line":68,"column":4},"end":{"line":82,"column":5}},{"start":{},"end":{}}],"line":68}},"s":{"0":0,"1":0,"2":0,"3":0,"4":0,"5":0,"6":0,"7":0,"8":0,"9":0,"10":0,"11":0,"12":0,"13":0,"14":0,"15":0,"16":0,"17":0,"18":0,"19":0,"20":0,"21":0,"22":0,"23":0,"24":0,"25":0,"26":0,"27":0,"28":0,"29":0,"30":0,"31":0,"32":0,"33":0,"34":0,"35":0,"36":0,"37":0,"38":0,"39":0},"f":{"0":0,"1":0,"2":0,"3":0,"4":0,"5":0,"6":0,"7":0,"8":0,"9":0,"10":0,"11":0,"12":0,"13":0,"14":0},"b":{"0":[0,0]}}
,"C:\\Users\\anvyd\\Desktop\\code\\slider-plugin\\src\\components\\View\\Slider\\Slider.ts": {"path":"C:\\Users\\anvyd\\Desktop\\code\\slider-plugin\\src\\components\\View\\Slider\\Slider.ts","statementMap":{"0":{"start":{"line":17,"column":4},"end":{"line":17,"column":20}},"1":{"start":{"line":18,"column":4},"end":{"line":18,"column":28}},"2":{"start":{"line":19,"column":4},"end":{"line":19,"column":15}},"3":{"start":{"line":23,"column":4},"end":{"line":23,"column":26}},"4":{"start":{"line":27,"column":28},"end":{"line":27,"column":41}},"5":{"start":{"line":28,"column":19},"end":{"line":28,"column":49}},"6":{"start":{"line":30,"column":4},"end":{"line":30,"column":45}},"7":{"start":{"line":31,"column":4},"end":{"line":31,"column":52}},"8":{"start":{"line":33,"column":4},"end":{"line":33,"column":57}},"9":{"start":{"line":35,"column":4},"end":{"line":35,"column":29}},"10":{"start":{"line":37,"column":4},"end":{"line":37,"column":56}},"11":{"start":{"line":41,"column":24},"end":{"line":41,"column":37}},"12":{"start":{"line":42,"column":21},"end":{"line":42,"column":23}},"13":{"start":{"line":43,"column":27},"end":{"line":43,"column":63}},"14":{"start":{"line":44,"column":4},"end":{"line":48,"column":6}},"15":{"start":{"line":45,"column":30},"end":{"line":45,"column":56}},"16":{"start":{"line":46,"column":34},"end":{"line":46,"column":82}},"17":{"start":{"line":47,"column":6},"end":{"line":47,"column":39}},"18":{"start":{"line":50,"column":4},"end":{"line":50,"column":106}},"19":{"start":{"line":50,"column":17},"end":{"line":50,"column":106}},"20":{"start":{"line":51,"column":4},"end":{"line":51,"column":39}},"21":{"start":{"line":55,"column":44},"end":{"line":55,"column":57}},"22":{"start":{"line":57,"column":33},"end":{"line":57,"column":66}},"23":{"start":{"line":58,"column":33},"end":{"line":58,"column":66}},"24":{"start":{"line":59,"column":35},"end":{"line":59,"column":72}},"25":{"start":{"line":61,"column":4},"end":{"line":61,"column":55}},"26":{"start":{"line":63,"column":4},"end":{"line":66,"column":5}},"27":{"start":{"line":64,"column":41},"end":{"line":64,"column":80}},"28":{"start":{"line":65,"column":6},"end":{"line":65,"column":63}},"29":{"start":{"line":68,"column":4},"end":{"line":68,"column":69}},"30":{"start":{"line":68,"column":17},"end":{"line":68,"column":69}},"31":{"start":{"line":69,"column":4},"end":{"line":69,"column":72}},"32":{"start":{"line":69,"column":19},"end":{"line":69,"column":72}},"33":{"start":{"line":74,"column":19},"end":{"line":74,"column":48}},"34":{"start":{"line":75,"column":4},"end":{"line":75,"column":73}},"35":{"start":{"line":77,"column":4},"end":{"line":77,"column":17}}},"fnMap":{"0":{"name":"(anonymous_0)","decl":{"start":{"line":16,"column":2},"end":{"line":16,"column":3}},"loc":{"start":{"line":16,"column":54},"end":{"line":20,"column":3}},"line":16},"1":{"name":"(anonymous_1)","decl":{"start":{"line":22,"column":2},"end":{"line":22,"column":3}},"loc":{"start":{"line":22,"column":43},"end":{"line":24,"column":3}},"line":22},"2":{"name":"(anonymous_2)","decl":{"start":{"line":26,"column":2},"end":{"line":26,"column":3}},"loc":{"start":{"line":26,"column":23},"end":{"line":38,"column":3}},"line":26},"3":{"name":"(anonymous_3)","decl":{"start":{"line":40,"column":2},"end":{"line":40,"column":3}},"loc":{"start":{"line":40,"column":47},"end":{"line":52,"column":3}},"line":40},"4":{"name":"(anonymous_4)","decl":{"start":{"line":44,"column":27},"end":{"line":44,"column":28}},"loc":{"start":{"line":44,"column":38},"end":{"line":48,"column":5}},"line":44},"5":{"name":"(anonymous_5)","decl":{"start":{"line":54,"column":2},"end":{"line":54,"column":3}},"loc":{"start":{"line":54,"column":31},"end":{"line":71,"column":3}},"line":54},"6":{"name":"(anonymous_6)","decl":{"start":{"line":73,"column":2},"end":{"line":73,"column":3}},"loc":{"start":{"line":73,"column":65},"end":{"line":78,"column":3}},"line":73}},"branchMap":{"0":{"loc":{"start":{"line":50,"column":4},"end":{"line":50,"column":106}},"type":"if","locations":[{"start":{"line":50,"column":4},"end":{"line":50,"column":106}},{"start":{},"end":{}}],"line":50},"1":{"loc":{"start":{"line":63,"column":4},"end":{"line":66,"column":5}},"type":"if","locations":[{"start":{"line":63,"column":4},"end":{"line":66,"column":5}},{"start":{},"end":{}}],"line":63},"2":{"loc":{"start":{"line":68,"column":4},"end":{"line":68,"column":69}},"type":"if","locations":[{"start":{"line":68,"column":4},"end":{"line":68,"column":69}},{"start":{},"end":{}}],"line":68},"3":{"loc":{"start":{"line":69,"column":4},"end":{"line":69,"column":72}},"type":"if","locations":[{"start":{"line":69,"column":4},"end":{"line":69,"column":72}},{"start":{},"end":{}}],"line":69}},"s":{"0":0,"1":0,"2":0,"3":0,"4":0,"5":0,"6":0,"7":0,"8":0,"9":0,"10":0,"11":0,"12":0,"13":0,"14":0,"15":0,"16":0,"17":0,"18":0,"19":0,"20":0,"21":0,"22":0,"23":0,"24":0,"25":0,"26":0,"27":0,"28":0,"29":0,"30":0,"31":0,"32":0,"33":0,"34":0,"35":0},"f":{"0":0,"1":0,"2":0,"3":0,"4":0,"5":0,"6":0},"b":{"0":[0,0],"1":[0,0],"2":[0,0],"3":[0,0]}}
,"C:\\Users\\anvyd\\Desktop\\code\\slider-plugin\\src\\components\\View\\subView\\Fill\\Fill.ts": {"path":"C:\\Users\\anvyd\\Desktop\\code\\slider-plugin\\src\\components\\View\\subView\\Fill\\Fill.ts","statementMap":{"0":{"start":{"line":10,"column":4},"end":{"line":10,"column":28}},"1":{"start":{"line":11,"column":4},"end":{"line":11,"column":15}},"2":{"start":{"line":15,"column":4},"end":{"line":15,"column":20}},"3":{"start":{"line":19,"column":47},"end":{"line":19,"column":52}},"4":{"start":{"line":20,"column":25},"end":{"line":20,"column":72}},"5":{"start":{"line":21,"column":22},"end":{"line":21,"column":70}},"6":{"start":{"line":22,"column":4},"end":{"line":22,"column":66}},"7":{"start":{"line":26,"column":54},"end":{"line":26,"column":67}},"8":{"start":{"line":27,"column":25},"end":{"line":27,"column":74}},"9":{"start":{"line":28,"column":22},"end":{"line":28,"column":70}},"10":{"start":{"line":29,"column":4},"end":{"line":29,"column":51}},"11":{"start":{"line":30,"column":4},"end":{"line":30,"column":66}},"12":{"start":{"line":34,"column":17},"end":{"line":34,"column":46}},"13":{"start":{"line":35,"column":4},"end":{"line":35,"column":96}},"14":{"start":{"line":36,"column":4},"end":{"line":36,"column":40}},"15":{"start":{"line":38,"column":4},"end":{"line":38,"column":15}},"16":{"start":{"line":48,"column":4},"end":{"line":54,"column":5}},"17":{"start":{"line":49,"column":24},"end":{"line":49,"column":33}},"18":{"start":{"line":50,"column":6},"end":{"line":50,"column":88}},"19":{"start":{"line":51,"column":6},"end":{"line":51,"column":72}},"20":{"start":{"line":53,"column":6},"end":{"line":53,"column":91}},"21":{"start":{"line":58,"column":31},"end":{"line":58,"column":44}},"22":{"start":{"line":59,"column":26},"end":{"line":59,"column":58}},"23":{"start":{"line":61,"column":23},"end":{"line":61,"column":53}},"24":{"start":{"line":63,"column":4},"end":{"line":63,"column":46}},"25":{"start":{"line":63,"column":28},"end":{"line":63,"column":46}},"26":{"start":{"line":64,"column":4},"end":{"line":64,"column":42}},"27":{"start":{"line":64,"column":26},"end":{"line":64,"column":42}},"28":{"start":{"line":66,"column":4},"end":{"line":66,"column":23}}},"fnMap":{"0":{"name":"(anonymous_0)","decl":{"start":{"line":9,"column":2},"end":{"line":9,"column":3}},"loc":{"start":{"line":9,"column":35},"end":{"line":12,"column":3}},"line":9},"1":{"name":"(anonymous_1)","decl":{"start":{"line":14,"column":2},"end":{"line":14,"column":3}},"loc":{"start":{"line":14,"column":35},"end":{"line":16,"column":3}},"line":14},"2":{"name":"(anonymous_2)","decl":{"start":{"line":18,"column":2},"end":{"line":18,"column":3}},"loc":{"start":{"line":18,"column":40},"end":{"line":23,"column":3}},"line":18},"3":{"name":"(anonymous_3)","decl":{"start":{"line":25,"column":2},"end":{"line":25,"column":3}},"loc":{"start":{"line":25,"column":23},"end":{"line":31,"column":3}},"line":25},"4":{"name":"(anonymous_4)","decl":{"start":{"line":33,"column":2},"end":{"line":33,"column":3}},"loc":{"start":{"line":33,"column":77},"end":{"line":39,"column":3}},"line":33},"5":{"name":"(anonymous_5)","decl":{"start":{"line":41,"column":2},"end":{"line":41,"column":3}},"loc":{"start":{"line":47,"column":10},"end":{"line":55,"column":3}},"line":47},"6":{"name":"(anonymous_6)","decl":{"start":{"line":57,"column":2},"end":{"line":57,"column":3}},"loc":{"start":{"line":57,"column":46},"end":{"line":67,"column":3}},"line":57}},"branchMap":{"0":{"loc":{"start":{"line":20,"column":25},"end":{"line":20,"column":72}},"type":"cond-expr","locations":[{"start":{"line":20,"column":54},"end":{"line":20,"column":62}},{"start":{"line":20,"column":65},"end":{"line":20,"column":72}}],"line":20},"1":{"loc":{"start":{"line":21,"column":22},"end":{"line":21,"column":70}},"type":"cond-expr","locations":[{"start":{"line":21,"column":53},"end":{"line":21,"column":59}},{"start":{"line":21,"column":62},"end":{"line":21,"column":70}}],"line":21},"2":{"loc":{"start":{"line":27,"column":25},"end":{"line":27,"column":74}},"type":"cond-expr","locations":[{"start":{"line":27,"column":56},"end":{"line":27,"column":63}},{"start":{"line":27,"column":66},"end":{"line":27,"column":74}}],"line":27},"3":{"loc":{"start":{"line":28,"column":22},"end":{"line":28,"column":70}},"type":"cond-expr","locations":[{"start":{"line":28,"column":53},"end":{"line":28,"column":59}},{"start":{"line":28,"column":62},"end":{"line":28,"column":70}}],"line":28},"4":{"loc":{"start":{"line":48,"column":4},"end":{"line":54,"column":5}},"type":"if","locations":[{"start":{"line":48,"column":4},"end":{"line":54,"column":5}},{"start":{"line":52,"column":11},"end":{"line":54,"column":5}}],"line":48},"5":{"loc":{"start":{"line":63,"column":4},"end":{"line":63,"column":46}},"type":"if","locations":[{"start":{"line":63,"column":4},"end":{"line":63,"column":46}},{"start":{},"end":{}}],"line":63},"6":{"loc":{"start":{"line":64,"column":4},"end":{"line":64,"column":42}},"type":"if","locations":[{"start":{"line":64,"column":4},"end":{"line":64,"column":42}},{"start":{},"end":{}}],"line":64}},"s":{"0":0,"1":0,"2":0,"3":0,"4":0,"5":0,"6":0,"7":0,"8":0,"9":0,"10":0,"11":0,"12":0,"13":0,"14":0,"15":0,"16":0,"17":0,"18":0,"19":0,"20":0,"21":0,"22":0,"23":0,"24":0,"25":0,"26":0,"27":0,"28":0},"f":{"0":0,"1":0,"2":0,"3":0,"4":0,"5":0,"6":0},"b":{"0":[0,0],"1":[0,0],"2":[0,0],"3":[0,0],"4":[0,0],"5":[0,0],"6":[0,0]}}
,"C:\\Users\\anvyd\\Desktop\\code\\slider-plugin\\src\\components\\View\\subView\\Knob\\Knob.ts": {"path":"C:\\Users\\anvyd\\Desktop\\code\\slider-plugin\\src\\components\\View\\subView\\Knob\\Knob.ts","statementMap":{"0":{"start":{"line":16,"column":4},"end":{"line":16,"column":11}},"1":{"start":{"line":17,"column":4},"end":{"line":17,"column":28}},"2":{"start":{"line":18,"column":4},"end":{"line":18,"column":24}},"3":{"start":{"line":19,"column":4},"end":{"line":19,"column":15}},"4":{"start":{"line":23,"column":4},"end":{"line":23,"column":20}},"5":{"start":{"line":27,"column":38},"end":{"line":27,"column":43}},"6":{"start":{"line":28,"column":22},"end":{"line":28,"column":68}},"7":{"start":{"line":30,"column":4},"end":{"line":32,"column":90}},"8":{"start":{"line":36,"column":45},"end":{"line":36,"column":58}},"9":{"start":{"line":37,"column":22},"end":{"line":37,"column":68}},"10":{"start":{"line":38,"column":4},"end":{"line":38,"column":51}},"11":{"start":{"line":40,"column":4},"end":{"line":42,"column":90}},"12":{"start":{"line":44,"column":4},"end":{"line":44,"column":78}},"13":{"start":{"line":45,"column":4},"end":{"line":45,"column":84}},"14":{"start":{"line":46,"column":4},"end":{"line":46,"column":74}},"15":{"start":{"line":47,"column":4},"end":{"line":47,"column":76}},"16":{"start":{"line":51,"column":24},"end":{"line":51,"column":37}},"17":{"start":{"line":53,"column":24},"end":{"line":53,"column":55}},"18":{"start":{"line":54,"column":19},"end":{"line":54,"column":58}},"19":{"start":{"line":56,"column":17},"end":{"line":56,"column":46}},"20":{"start":{"line":57,"column":4},"end":{"line":57,"column":115}},"21":{"start":{"line":58,"column":4},"end":{"line":58,"column":40}},"22":{"start":{"line":59,"column":4},"end":{"line":59,"column":38}},"23":{"start":{"line":61,"column":4},"end":{"line":61,"column":15}},"24":{"start":{"line":65,"column":4},"end":{"line":65,"column":26}},"25":{"start":{"line":68,"column":34},"end":{"line":71,"column":5}},"26":{"start":{"line":69,"column":27},"end":{"line":69,"column":60}},"27":{"start":{"line":70,"column":6},"end":{"line":70,"column":67}},"28":{"start":{"line":73,"column":32},"end":{"line":76,"column":5}},"29":{"start":{"line":74,"column":6},"end":{"line":74,"column":68}},"30":{"start":{"line":75,"column":6},"end":{"line":75,"column":72}},"31":{"start":{"line":78,"column":4},"end":{"line":78,"column":67}},"32":{"start":{"line":79,"column":4},"end":{"line":79,"column":63}},"33":{"start":{"line":81,"column":4},"end":{"line":81,"column":48}},"34":{"start":{"line":81,"column":43},"end":{"line":81,"column":48}},"35":{"start":{"line":84,"column":30},"end":{"line":95,"column":3}},"36":{"start":{"line":85,"column":21},"end":{"line":85,"column":26}},"37":{"start":{"line":86,"column":19},"end":{"line":86,"column":87}},"38":{"start":{"line":88,"column":4},"end":{"line":90,"column":5}},"39":{"start":{"line":89,"column":6},"end":{"line":89,"column":56}},"40":{"start":{"line":92,"column":4},"end":{"line":94,"column":5}},"41":{"start":{"line":93,"column":6},"end":{"line":93,"column":56}},"42":{"start":{"line":98,"column":4},"end":{"line":107,"column":5}},"43":{"start":{"line":99,"column":25},"end":{"line":99,"column":30}},"44":{"start":{"line":101,"column":26},"end":{"line":102,"column":39}},"45":{"start":{"line":104,"column":6},"end":{"line":106,"column":42}}},"fnMap":{"0":{"name":"(anonymous_0)","decl":{"start":{"line":15,"column":2},"end":{"line":15,"column":3}},"loc":{"start":{"line":15,"column":52},"end":{"line":20,"column":3}},"line":15},"1":{"name":"(anonymous_1)","decl":{"start":{"line":22,"column":2},"end":{"line":22,"column":3}},"loc":{"start":{"line":22,"column":35},"end":{"line":24,"column":3}},"line":22},"2":{"name":"(anonymous_2)","decl":{"start":{"line":26,"column":2},"end":{"line":26,"column":3}},"loc":{"start":{"line":26,"column":40},"end":{"line":33,"column":3}},"line":26},"3":{"name":"(anonymous_3)","decl":{"start":{"line":35,"column":2},"end":{"line":35,"column":3}},"loc":{"start":{"line":35,"column":23},"end":{"line":48,"column":3}},"line":35},"4":{"name":"(anonymous_4)","decl":{"start":{"line":50,"column":2},"end":{"line":50,"column":3}},"loc":{"start":{"line":50,"column":77},"end":{"line":62,"column":3}},"line":50},"5":{"name":"(anonymous_5)","decl":{"start":{"line":64,"column":2},"end":{"line":64,"column":3}},"loc":{"start":{"line":64,"column":59},"end":{"line":82,"column":3}},"line":64},"6":{"name":"(anonymous_6)","decl":{"start":{"line":68,"column":34},"end":{"line":68,"column":35}},"loc":{"start":{"line":68,"column":65},"end":{"line":71,"column":5}},"line":68},"7":{"name":"(anonymous_7)","decl":{"start":{"line":73,"column":32},"end":{"line":73,"column":33}},"loc":{"start":{"line":73,"column":44},"end":{"line":76,"column":5}},"line":73},"8":{"name":"(anonymous_8)","decl":{"start":{"line":81,"column":28},"end":{"line":81,"column":29}},"loc":{"start":{"line":81,"column":43},"end":{"line":81,"column":48}},"line":81},"9":{"name":"(anonymous_9)","decl":{"start":{"line":84,"column":30},"end":{"line":84,"column":31}},"loc":{"start":{"line":84,"column":62},"end":{"line":95,"column":3}},"line":84},"10":{"name":"(anonymous_10)","decl":{"start":{"line":97,"column":2},"end":{"line":97,"column":3}},"loc":{"start":{"line":97,"column":69},"end":{"line":108,"column":3}},"line":97}},"branchMap":{"0":{"loc":{"start":{"line":28,"column":22},"end":{"line":28,"column":68}},"type":"cond-expr","locations":[{"start":{"line":28,"column":51},"end":{"line":28,"column":59}},{"start":{"line":28,"column":62},"end":{"line":28,"column":68}}],"line":28},"1":{"loc":{"start":{"line":30,"column":4},"end":{"line":32,"column":90}},"type":"cond-expr","locations":[{"start":{"line":31,"column":8},"end":{"line":31,"column":88}},{"start":{"line":32,"column":8},"end":{"line":32,"column":90}}],"line":30},"2":{"loc":{"start":{"line":37,"column":22},"end":{"line":37,"column":68}},"type":"cond-expr","locations":[{"start":{"line":37,"column":51},"end":{"line":37,"column":59}},{"start":{"line":37,"column":62},"end":{"line":37,"column":68}}],"line":37},"3":{"loc":{"start":{"line":40,"column":4},"end":{"line":42,"column":90}},"type":"cond-expr","locations":[{"start":{"line":41,"column":8},"end":{"line":41,"column":88}},{"start":{"line":42,"column":8},"end":{"line":42,"column":90}}],"line":40},"4":{"loc":{"start":{"line":53,"column":24},"end":{"line":53,"column":55}},"type":"cond-expr","locations":[{"start":{"line":53,"column":34},"end":{"line":53,"column":46}},{"start":{"line":53,"column":49},"end":{"line":53,"column":55}}],"line":53},"5":{"loc":{"start":{"line":54,"column":19},"end":{"line":54,"column":58}},"type":"cond-expr","locations":[{"start":{"line":54,"column":33},"end":{"line":54,"column":44}},{"start":{"line":54,"column":47},"end":{"line":54,"column":58}}],"line":54},"6":{"loc":{"start":{"line":86,"column":19},"end":{"line":86,"column":87}},"type":"cond-expr","locations":[{"start":{"line":86,"column":74},"end":{"line":86,"column":78}},{"start":{"line":86,"column":81},"end":{"line":86,"column":87}}],"line":86},"7":{"loc":{"start":{"line":88,"column":4},"end":{"line":90,"column":5}},"type":"if","locations":[{"start":{"line":88,"column":4},"end":{"line":90,"column":5}},{"start":{},"end":{}}],"line":88},"8":{"loc":{"start":{"line":88,"column":8},"end":{"line":88,"column":51}},"type":"binary-expr","locations":[{"start":{"line":88,"column":8},"end":{"line":88,"column":29}},{"start":{"line":88,"column":33},"end":{"line":88,"column":51}}],"line":88},"9":{"loc":{"start":{"line":92,"column":4},"end":{"line":94,"column":5}},"type":"if","locations":[{"start":{"line":92,"column":4},"end":{"line":94,"column":5}},{"start":{},"end":{}}],"line":92},"10":{"loc":{"start":{"line":92,"column":8},"end":{"line":92,"column":52}},"type":"binary-expr","locations":[{"start":{"line":92,"column":8},"end":{"line":92,"column":28}},{"start":{"line":92,"column":32},"end":{"line":92,"column":52}}],"line":92},"11":{"loc":{"start":{"line":98,"column":4},"end":{"line":107,"column":5}},"type":"if","locations":[{"start":{"line":98,"column":4},"end":{"line":107,"column":5}},{"start":{},"end":{}}],"line":98},"12":{"loc":{"start":{"line":101,"column":26},"end":{"line":102,"column":39}},"type":"binary-expr","locations":[{"start":{"line":101,"column":26},"end":{"line":101,"column":60}},{"start":{"line":102,"column":11},"end":{"line":102,"column":39}}],"line":101},"13":{"loc":{"start":{"line":104,"column":24},"end":{"line":106,"column":42}},"type":"cond-expr","locations":[{"start":{"line":105,"column":10},"end":{"line":105,"column":44}},{"start":{"line":106,"column":10},"end":{"line":106,"column":42}}],"line":104}},"s":{"0":0,"1":0,"2":0,"3":0,"4":0,"5":0,"6":0,"7":0,"8":0,"9":0,"10":0,"11":0,"12":0,"13":0,"14":0,"15":0,"16":0,"17":0,"18":0,"19":0,"20":0,"21":0,"22":0,"23":0,"24":0,"25":0,"26":0,"27":0,"28":0,"29":0,"30":0,"31":0,"32":0,"33":0,"34":0,"35":0,"36":0,"37":0,"38":0,"39":0,"40":0,"41":0,"42":0,"43":0,"44":0,"45":0},"f":{"0":0,"1":0,"2":0,"3":0,"4":0,"5":0,"6":0,"7":0,"8":0,"9":0,"10":0},"b":{"0":[0,0],"1":[0,0],"2":[0,0],"3":[0,0],"4":[0,0],"5":[0,0],"6":[0,0],"7":[0,0],"8":[0,0],"9":[0,0],"10":[0,0],"11":[0,0],"12":[0,0],"13":[0,0]}}
,"C:\\Users\\anvyd\\Desktop\\code\\slider-plugin\\src\\components\\View\\subView\\Labels\\Labels.ts": {"path":"C:\\Users\\anvyd\\Desktop\\code\\slider-plugin\\src\\components\\View\\subView\\Labels\\Labels.ts","statementMap":{"0":{"start":{"line":12,"column":4},"end":{"line":12,"column":11}},"1":{"start":{"line":13,"column":4},"end":{"line":13,"column":22}},"2":{"start":{"line":14,"column":4},"end":{"line":14,"column":15}},"3":{"start":{"line":18,"column":4},"end":{"line":18,"column":22}},"4":{"start":{"line":22,"column":44},"end":{"line":22,"column":54}},"5":{"start":{"line":23,"column":4},"end":{"line":23,"column":64}},"6":{"start":{"line":24,"column":4},"end":{"line":24,"column":88}},"7":{"start":{"line":38,"column":34},"end":{"line":38,"column":35}},"8":{"start":{"line":39,"column":18},"end":{"line":39,"column":75}},"9":{"start":{"line":41,"column":19},"end":{"line":41,"column":48}},"10":{"start":{"line":42,"column":4},"end":{"line":42,"column":76}},"11":{"start":{"line":43,"column":4},"end":{"line":43,"column":44}},"12":{"start":{"line":45,"column":4},"end":{"line":45,"column":74}},"13":{"start":{"line":45,"column":26},"end":{"line":45,"column":73}},"14":{"start":{"line":47,"column":4},"end":{"line":47,"column":17}},"15":{"start":{"line":58,"column":18},"end":{"line":58,"column":20}},"16":{"start":{"line":63,"column":4},"end":{"line":71,"column":5}},"17":{"start":{"line":63,"column":17},"end":{"line":63,"column":18}},"18":{"start":{"line":64,"column":27},"end":{"line":64,"column":45}},"19":{"start":{"line":65,"column":28},"end":{"line":65,"column":80}},"20":{"start":{"line":66,"column":31},"end":{"line":66,"column":59}},"21":{"start":{"line":67,"column":38},"end":{"line":67,"column":85}},"22":{"start":{"line":68,"column":32},"end":{"line":68,"column":114}},"23":{"start":{"line":69,"column":19},"end":{"line":69,"column":92}},"24":{"start":{"line":70,"column":6},"end":{"line":70,"column":22}},"25":{"start":{"line":73,"column":4},"end":{"line":73,"column":16}},"26":{"start":{"line":82,"column":22},"end":{"line":82,"column":68}},"27":{"start":{"line":83,"column":18},"end":{"line":83,"column":47}},"28":{"start":{"line":84,"column":4},"end":{"line":84,"column":46}},"29":{"start":{"line":85,"column":4},"end":{"line":85,"column":60}},"30":{"start":{"line":86,"column":4},"end":{"line":86,"column":52}},"31":{"start":{"line":87,"column":4},"end":{"line":87,"column":43}},"32":{"start":{"line":89,"column":4},"end":{"line":89,"column":16}},"33":{"start":{"line":93,"column":23},"end":{"line":93,"column":28}},"34":{"start":{"line":94,"column":4},"end":{"line":97,"column":5}},"35":{"start":{"line":95,"column":33},"end":{"line":95,"column":61}},"36":{"start":{"line":96,"column":6},"end":{"line":96,"column":69}}},"fnMap":{"0":{"name":"(anonymous_0)","decl":{"start":{"line":11,"column":2},"end":{"line":11,"column":3}},"loc":{"start":{"line":11,"column":32},"end":{"line":15,"column":3}},"line":11},"1":{"name":"(anonymous_1)","decl":{"start":{"line":17,"column":2},"end":{"line":17,"column":3}},"loc":{"start":{"line":17,"column":37},"end":{"line":19,"column":3}},"line":17},"2":{"name":"(anonymous_2)","decl":{"start":{"line":21,"column":2},"end":{"line":21,"column":3}},"loc":{"start":{"line":21,"column":23},"end":{"line":25,"column":3}},"line":21},"3":{"name":"(anonymous_3)","decl":{"start":{"line":27,"column":2},"end":{"line":27,"column":3}},"loc":{"start":{"line":32,"column":20},"end":{"line":48,"column":3}},"line":32},"4":{"name":"(anonymous_4)","decl":{"start":{"line":45,"column":18},"end":{"line":45,"column":19}},"loc":{"start":{"line":45,"column":26},"end":{"line":45,"column":73}},"line":45},"5":{"name":"(anonymous_5)","decl":{"start":{"line":50,"column":2},"end":{"line":50,"column":3}},"loc":{"start":{"line":56,"column":22},"end":{"line":74,"column":3}},"line":56},"6":{"name":"(anonymous_6)","decl":{"start":{"line":76,"column":2},"end":{"line":76,"column":3}},"loc":{"start":{"line":80,"column":20},"end":{"line":90,"column":3}},"line":80},"7":{"name":"(anonymous_7)","decl":{"start":{"line":92,"column":2},"end":{"line":92,"column":3}},"loc":{"start":{"line":92,"column":61},"end":{"line":98,"column":3}},"line":92}},"branchMap":{"0":{"loc":{"start":{"line":67,"column":38},"end":{"line":67,"column":85}},"type":"cond-expr","locations":[{"start":{"line":67,"column":63},"end":{"line":67,"column":66}},{"start":{"line":67,"column":69},"end":{"line":67,"column":85}}],"line":67},"1":{"loc":{"start":{"line":82,"column":22},"end":{"line":82,"column":68}},"type":"cond-expr","locations":[{"start":{"line":82,"column":51},"end":{"line":82,"column":59}},{"start":{"line":82,"column":62},"end":{"line":82,"column":68}}],"line":82},"2":{"loc":{"start":{"line":94,"column":4},"end":{"line":97,"column":5}},"type":"if","locations":[{"start":{"line":94,"column":4},"end":{"line":97,"column":5}},{"start":{},"end":{}}],"line":94}},"s":{"0":0,"1":0,"2":0,"3":0,"4":0,"5":0,"6":0,"7":0,"8":0,"9":0,"10":0,"11":0,"12":0,"13":0,"14":0,"15":0,"16":0,"17":0,"18":0,"19":0,"20":0,"21":0,"22":0,"23":0,"24":0,"25":0,"26":0,"27":0,"28":0,"29":0,"30":0,"31":0,"32":0,"33":0,"34":0,"35":0,"36":0},"f":{"0":0,"1":0,"2":0,"3":0,"4":0,"5":0,"6":0,"7":0},"b":{"0":[0,0],"1":[0,0],"2":[0,0]}}
,"C:\\Users\\anvyd\\Desktop\\code\\slider-plugin\\src\\components\\View\\subView\\Scale\\Scale.ts": {"path":"C:\\Users\\anvyd\\Desktop\\code\\slider-plugin\\src\\components\\View\\subView\\Scale\\Scale.ts","statementMap":{"0":{"start":{"line":12,"column":4},"end":{"line":12,"column":11}},"1":{"start":{"line":13,"column":4},"end":{"line":13,"column":22}},"2":{"start":{"line":14,"column":4},"end":{"line":14,"column":15}},"3":{"start":{"line":18,"column":4},"end":{"line":18,"column":21}},"4":{"start":{"line":22,"column":28},"end":{"line":22,"column":38}},"5":{"start":{"line":23,"column":29},"end":{"line":23,"column":84}},"6":{"start":{"line":25,"column":4},"end":{"line":25,"column":51}},"7":{"start":{"line":26,"column":4},"end":{"line":26,"column":86}},"8":{"start":{"line":30,"column":22},"end":{"line":30,"column":51}},"9":{"start":{"line":31,"column":4},"end":{"line":31,"column":97}},"10":{"start":{"line":32,"column":4},"end":{"line":32,"column":46}},"11":{"start":{"line":34,"column":4},"end":{"line":34,"column":20}},"12":{"start":{"line":41,"column":4},"end":{"line":44,"column":5}},"13":{"start":{"line":42,"column":28},"end":{"line":42,"column":58}},"14":{"start":{"line":43,"column":6},"end":{"line":43,"column":84}},"15":{"start":{"line":48,"column":23},"end":{"line":48,"column":28}},"16":{"start":{"line":49,"column":4},"end":{"line":52,"column":5}},"17":{"start":{"line":50,"column":22},"end":{"line":50,"column":83}},"18":{"start":{"line":51,"column":6},"end":{"line":51,"column":20}}},"fnMap":{"0":{"name":"(anonymous_0)","decl":{"start":{"line":11,"column":2},"end":{"line":11,"column":3}},"loc":{"start":{"line":11,"column":32},"end":{"line":15,"column":3}},"line":11},"1":{"name":"(anonymous_1)","decl":{"start":{"line":17,"column":2},"end":{"line":17,"column":3}},"loc":{"start":{"line":17,"column":36},"end":{"line":19,"column":3}},"line":17},"2":{"name":"(anonymous_2)","decl":{"start":{"line":21,"column":2},"end":{"line":21,"column":3}},"loc":{"start":{"line":21,"column":23},"end":{"line":27,"column":3}},"line":21},"3":{"name":"(anonymous_3)","decl":{"start":{"line":29,"column":2},"end":{"line":29,"column":3}},"loc":{"start":{"line":29,"column":64},"end":{"line":35,"column":3}},"line":29},"4":{"name":"(anonymous_4)","decl":{"start":{"line":40,"column":2},"end":{"line":40,"column":3}},"loc":{"start":{"line":40,"column":60},"end":{"line":45,"column":3}},"line":40},"5":{"name":"(anonymous_5)","decl":{"start":{"line":47,"column":2},"end":{"line":47,"column":3}},"loc":{"start":{"line":47,"column":58},"end":{"line":53,"column":3}},"line":47}},"branchMap":{"0":{"loc":{"start":{"line":23,"column":29},"end":{"line":23,"column":84}},"type":"cond-expr","locations":[{"start":{"line":23,"column":58},"end":{"line":23,"column":69}},{"start":{"line":23,"column":72},"end":{"line":23,"column":84}}],"line":23},"1":{"loc":{"start":{"line":41,"column":4},"end":{"line":44,"column":5}},"type":"if","locations":[{"start":{"line":41,"column":4},"end":{"line":44,"column":5}},{"start":{},"end":{}}],"line":41},"2":{"loc":{"start":{"line":49,"column":4},"end":{"line":52,"column":5}},"type":"if","locations":[{"start":{"line":49,"column":4},"end":{"line":52,"column":5}},{"start":{},"end":{}}],"line":49},"3":{"loc":{"start":{"line":50,"column":22},"end":{"line":50,"column":83}},"type":"binary-expr","locations":[{"start":{"line":50,"column":22},"end":{"line":50,"column":51}},{"start":{"line":50,"column":55},"end":{"line":50,"column":83}}],"line":50}},"s":{"0":3,"1":3,"2":3,"3":2,"4":3,"5":3,"6":3,"7":3,"8":3,"9":3,"10":3,"11":3,"12":1,"13":1,"14":1,"15":1,"16":1,"17":1,"18":1},"f":{"0":3,"1":2,"2":3,"3":3,"4":1,"5":1},"b":{"0":[0,3],"1":[1,0],"2":[1,0],"3":[1,0]},"_coverageSchema":"1a1c01bbd47fc00a2c39e90264f33305004495a9","hash":"780aebd6100cc768e97bbe2ff61b9f697fbb726b"}
,"C:\\Users\\anvyd\\Desktop\\code\\slider-plugin\\src\\components\\View\\subView\\Tooltip\\Tooltip.ts": {"path":"C:\\Users\\anvyd\\Desktop\\code\\slider-plugin\\src\\components\\View\\subView\\Tooltip\\Tooltip.ts","statementMap":{"0":{"start":{"line":8,"column":4},"end":{"line":8,"column":22}}},"fnMap":{"0":{"name":"(anonymous_0)","decl":{"start":{"line":7,"column":2},"end":{"line":7,"column":3}},"loc":{"start":{"line":7,"column":32},"end":{"line":9,"column":3}},"line":7}},"branchMap":{},"s":{"0":1},"f":{"0":1},"b":{},"_coverageSchema":"1a1c01bbd47fc00a2c39e90264f33305004495a9","hash":"c38a195e7c0dd0226dcd4e6ee015ae549752ec0a"}
,"C:\\Users\\anvyd\\Desktop\\code\\slider-plugin\\src\\utils\\utils.ts": {"path":"C:\\Users\\anvyd\\Desktop\\code\\slider-plugin\\src\\utils\\utils.ts","statementMap":{"0":{"start":{"line":3,"column":31},"end":{"line":3,"column":91}},"1":{"start":{"line":3,"column":56},"end":{"line":3,"column":91}},"2":{"start":{"line":5,"column":25},"end":{"line":10,"column":1}},"3":{"start":{"line":6,"column":23},"end":{"line":6,"column":41}},"4":{"start":{"line":7,"column":24},"end":{"line":7,"column":42}},"5":{"start":{"line":9,"column":2},"end":{"line":9,"column":22}},"6":{"start":{"line":12,"column":35},"end":{"line":22,"column":1}},"7":{"start":{"line":13,"column":29},"end":{"line":13,"column":34}},"8":{"start":{"line":14,"column":24},"end":{"line":14,"column":56}},"9":{"start":{"line":16,"column":16},"end":{"line":16,"column":54}},"10":{"start":{"line":18,"column":2},"end":{"line":18,"column":34}},"11":{"start":{"line":18,"column":21},"end":{"line":18,"column":34}},"12":{"start":{"line":19,"column":2},"end":{"line":19,"column":30}},"13":{"start":{"line":19,"column":19},"end":{"line":19,"column":30}},"14":{"start":{"line":21,"column":2},"end":{"line":21,"column":16}},"15":{"start":{"line":24,"column":36},"end":{"line":32,"column":1}},"16":{"start":{"line":25,"column":29},"end":{"line":25,"column":34}},"17":{"start":{"line":26,"column":24},"end":{"line":26,"column":56}},"18":{"start":{"line":28,"column":25},"end":{"line":28,"column":74}},"19":{"start":{"line":29,"column":24},"end":{"line":29,"column":44}},"20":{"start":{"line":31,"column":2},"end":{"line":31,"column":22}},"21":{"start":{"line":34,"column":20},"end":{"line":46,"column":1}},"22":{"start":{"line":35,"column":26},"end":{"line":35,"column":31}},"23":{"start":{"line":36,"column":16},"end":{"line":36,"column":59}},"24":{"start":{"line":38,"column":42},"end":{"line":38,"column":81}},"25":{"start":{"line":39,"column":31},"end":{"line":39,"column":51}},"26":{"start":{"line":41,"column":2},"end":{"line":43,"column":3}},"27":{"start":{"line":42,"column":4},"end":{"line":42,"column":44}},"28":{"start":{"line":45,"column":2},"end":{"line":45,"column":45}},"29":{"start":{"line":48,"column":22},"end":{"line":55,"column":1}},"30":{"start":{"line":49,"column":31},"end":{"line":49,"column":36}},"31":{"start":{"line":51,"column":2},"end":{"line":54,"column":3}},"32":{"start":{"line":57,"column":25},"end":{"line":71,"column":1}},"33":{"start":{"line":63,"column":6},"end":{"line":63,"column":34}},"34":{"start":{"line":65,"column":2},"end":{"line":70,"column":3}}},"fnMap":{"0":{"name":"(anonymous_0)","decl":{"start":{"line":3,"column":31},"end":{"line":3,"column":32}},"loc":{"start":{"line":3,"column":56},"end":{"line":3,"column":91}},"line":3},"1":{"name":"(anonymous_1)","decl":{"start":{"line":5,"column":25},"end":{"line":5,"column":26}},"loc":{"start":{"line":5,"column":77},"end":{"line":10,"column":1}},"line":5},"2":{"name":"(anonymous_2)","decl":{"start":{"line":12,"column":35},"end":{"line":12,"column":36}},"loc":{"start":{"line":12,"column":104},"end":{"line":22,"column":1}},"line":12},"3":{"name":"(anonymous_3)","decl":{"start":{"line":24,"column":36},"end":{"line":24,"column":37}},"loc":{"start":{"line":24,"column":114},"end":{"line":32,"column":1}},"line":24},"4":{"name":"(anonymous_4)","decl":{"start":{"line":34,"column":20},"end":{"line":34,"column":21}},"loc":{"start":{"line":34,"column":71},"end":{"line":46,"column":1}},"line":34},"5":{"name":"(anonymous_5)","decl":{"start":{"line":48,"column":22},"end":{"line":48,"column":23}},"loc":{"start":{"line":48,"column":59},"end":{"line":55,"column":1}},"line":48},"6":{"name":"(anonymous_6)","decl":{"start":{"line":57,"column":25},"end":{"line":57,"column":26}},"loc":{"start":{"line":57,"column":59},"end":{"line":71,"column":1}},"line":57}},"branchMap":{"0":{"loc":{"start":{"line":18,"column":2},"end":{"line":18,"column":34}},"type":"if","locations":[{"start":{"line":18,"column":2},"end":{"line":18,"column":34}},{"start":{},"end":{}}],"line":18},"1":{"loc":{"start":{"line":19,"column":2},"end":{"line":19,"column":30}},"type":"if","locations":[{"start":{"line":19,"column":2},"end":{"line":19,"column":30}},{"start":{},"end":{}}],"line":19},"2":{"loc":{"start":{"line":41,"column":2},"end":{"line":43,"column":3}},"type":"if","locations":[{"start":{"line":41,"column":2},"end":{"line":43,"column":3}},{"start":{},"end":{}}],"line":41}},"s":{"0":1,"1":0,"2":1,"3":0,"4":0,"5":0,"6":1,"7":0,"8":0,"9":0,"10":0,"11":0,"12":0,"13":0,"14":0,"15":1,"16":0,"17":0,"18":0,"19":0,"20":0,"21":1,"22":1,"23":1,"24":1,"25":1,"26":1,"27":1,"28":0,"29":1,"30":1,"31":1,"32":1,"33":1,"34":1},"f":{"0":0,"1":0,"2":0,"3":0,"4":1,"5":1,"6":1},"b":{"0":[0,0],"1":[0,0],"2":[1,0]},"_coverageSchema":"1a1c01bbd47fc00a2c39e90264f33305004495a9","hash":"eec95b675bac4d1c8d79b8df5134c956e42f34c2"}
}
